This is pdfTeX, Version 3.14159265-2.6-1.40.17 (TeX Live 2016) (preloaded format=pdflatex 2016.12.21)  18 JUN 2017 00:46
entering extended mode
 restricted \write18 enabled.
 file:line:error style messages enabled.
 %&-line parsing enabled.
**FinalReport.tex
(./FinalReport.tex
LaTeX2e <2016/03/31>
Babel <3.9r> and hyphenation patterns for 83 language(s) loaded.
(/usr/local/texlive/2016/texmf-dist/tex/latex/base/article.cls
Document Class: article 2014/09/29 v1.4h Standard LaTeX document class
(/usr/local/texlive/2016/texmf-dist/tex/latex/base/size12.clo
File: size12.clo 2014/09/29 v1.4h Standard LaTeX file (size option)
)
\c@part=\count79
\c@section=\count80
\c@subsection=\count81
\c@subsubsection=\count82
\c@paragraph=\count83
\c@subparagraph=\count84
\c@figure=\count85
\c@table=\count86
\abovecaptionskip=\skip41
\belowcaptionskip=\skip42
\bibindent=\dimen102
)
(/usr/local/texlive/2016/texmf-dist/tex/generic/babel/babel.sty
Package: babel 2016/04/23 3.9r The Babel package

(/usr/local/texlive/2016/texmf-dist/tex/generic/babel-english/english.ldf
Language: english 2012/08/20 v3.3p English support from the babel system

(/usr/local/texlive/2016/texmf-dist/tex/generic/babel/babel.def
File: babel.def 2016/04/23 3.9r Babel common definitions
\babel@savecnt=\count87
\U@D=\dimen103
)
\l@canadian = a dialect from \language\l@american 
\l@australian = a dialect from \language\l@british 
\l@newzealand = a dialect from \language\l@british 
))
(/usr/local/texlive/2016/texmf-dist/tex/latex/url/url.sty
\Urlmuskip=\muskip10
Package: url 2013/09/16  ver 3.4  Verb mode for urls, etc.
)
(/usr/local/texlive/2016/texmf-dist/tex/latex/base/inputenc.sty
Package: inputenc 2015/03/17 v1.2c Input encoding file
\inpenc@prehook=\toks14
\inpenc@posthook=\toks15

(/usr/local/texlive/2016/texmf-dist/tex/latex/base/utf8.def
File: utf8.def 2016/02/28 v1.1s UTF-8 support for inputenc
Now handling font encoding OML ...
... no UTF-8 mapping file for font encoding OML
Now handling font encoding T1 ...
... processing UTF-8 mapping file for font encoding T1

(/usr/local/texlive/2016/texmf-dist/tex/latex/base/t1enc.dfu
File: t1enc.dfu 2016/02/28 v1.1s UTF-8 support for inputenc
   defining Unicode char U+00A0 (decimal 160)
   defining Unicode char U+00A1 (decimal 161)
   defining Unicode char U+00A3 (decimal 163)
   defining Unicode char U+00AB (decimal 171)
   defining Unicode char U+00AD (decimal 173)
   defining Unicode char U+00BB (decimal 187)
   defining Unicode char U+00BF (decimal 191)
   defining Unicode char U+00C0 (decimal 192)
   defining Unicode char U+00C1 (decimal 193)
   defining Unicode char U+00C2 (decimal 194)
   defining Unicode char U+00C3 (decimal 195)
   defining Unicode char U+00C4 (decimal 196)
   defining Unicode char U+00C5 (decimal 197)
   defining Unicode char U+00C6 (decimal 198)
   defining Unicode char U+00C7 (decimal 199)
   defining Unicode char U+00C8 (decimal 200)
   defining Unicode char U+00C9 (decimal 201)
   defining Unicode char U+00CA (decimal 202)
   defining Unicode char U+00CB (decimal 203)
   defining Unicode char U+00CC (decimal 204)
   defining Unicode char U+00CD (decimal 205)
   defining Unicode char U+00CE (decimal 206)
   defining Unicode char U+00CF (decimal 207)
   defining Unicode char U+00D0 (decimal 208)
   defining Unicode char U+00D1 (decimal 209)
   defining Unicode char U+00D2 (decimal 210)
   defining Unicode char U+00D3 (decimal 211)
   defining Unicode char U+00D4 (decimal 212)
   defining Unicode char U+00D5 (decimal 213)
   defining Unicode char U+00D6 (decimal 214)
   defining Unicode char U+00D8 (decimal 216)
   defining Unicode char U+00D9 (decimal 217)
   defining Unicode char U+00DA (decimal 218)
   defining Unicode char U+00DB (decimal 219)
   defining Unicode char U+00DC (decimal 220)
   defining Unicode char U+00DD (decimal 221)
   defining Unicode char U+00DE (decimal 222)
   defining Unicode char U+00DF (decimal 223)
   defining Unicode char U+00E0 (decimal 224)
   defining Unicode char U+00E1 (decimal 225)
   defining Unicode char U+00E2 (decimal 226)
   defining Unicode char U+00E3 (decimal 227)
   defining Unicode char U+00E4 (decimal 228)
   defining Unicode char U+00E5 (decimal 229)
   defining Unicode char U+00E6 (decimal 230)
   defining Unicode char U+00E7 (decimal 231)
   defining Unicode char U+00E8 (decimal 232)
   defining Unicode char U+00E9 (decimal 233)
   defining Unicode char U+00EA (decimal 234)
   defining Unicode char U+00EB (decimal 235)
   defining Unicode char U+00EC (decimal 236)
   defining Unicode char U+00ED (decimal 237)
   defining Unicode char U+00EE (decimal 238)
   defining Unicode char U+00EF (decimal 239)
   defining Unicode char U+00F0 (decimal 240)
   defining Unicode char U+00F1 (decimal 241)
   defining Unicode char U+00F2 (decimal 242)
   defining Unicode char U+00F3 (decimal 243)
   defining Unicode char U+00F4 (decimal 244)
   defining Unicode char U+00F5 (decimal 245)
   defining Unicode char U+00F6 (decimal 246)
   defining Unicode char U+00F8 (decimal 248)
   defining Unicode char U+00F9 (decimal 249)
   defining Unicode char U+00FA (decimal 250)
   defining Unicode char U+00FB (decimal 251)
   defining Unicode char U+00FC (decimal 252)
   defining Unicode char U+00FD (decimal 253)
   defining Unicode char U+00FE (decimal 254)
   defining Unicode char U+00FF (decimal 255)
   defining Unicode char U+0100 (decimal 256)
   defining Unicode char U+0101 (decimal 257)
   defining Unicode char U+0102 (decimal 258)
   defining Unicode char U+0103 (decimal 259)
   defining Unicode char U+0104 (decimal 260)
   defining Unicode char U+0105 (decimal 261)
   defining Unicode char U+0106 (decimal 262)
   defining Unicode char U+0107 (decimal 263)
   defining Unicode char U+0108 (decimal 264)
   defining Unicode char U+0109 (decimal 265)
   defining Unicode char U+010A (decimal 266)
   defining Unicode char U+010B (decimal 267)
   defining Unicode char U+010C (decimal 268)
   defining Unicode char U+010D (decimal 269)
   defining Unicode char U+010E (decimal 270)
   defining Unicode char U+010F (decimal 271)
   defining Unicode char U+0110 (decimal 272)
   defining Unicode char U+0111 (decimal 273)
   defining Unicode char U+0112 (decimal 274)
   defining Unicode char U+0113 (decimal 275)
   defining Unicode char U+0114 (decimal 276)
   defining Unicode char U+0115 (decimal 277)
   defining Unicode char U+0116 (decimal 278)
   defining Unicode char U+0117 (decimal 279)
   defining Unicode char U+0118 (decimal 280)
   defining Unicode char U+0119 (decimal 281)
   defining Unicode char U+011A (decimal 282)
   defining Unicode char U+011B (decimal 283)
   defining Unicode char U+011C (decimal 284)
   defining Unicode char U+011D (decimal 285)
   defining Unicode char U+011E (decimal 286)
   defining Unicode char U+011F (decimal 287)
   defining Unicode char U+0120 (decimal 288)
   defining Unicode char U+0121 (decimal 289)
   defining Unicode char U+0122 (decimal 290)
   defining Unicode char U+0123 (decimal 291)
   defining Unicode char U+0124 (decimal 292)
   defining Unicode char U+0125 (decimal 293)
   defining Unicode char U+0128 (decimal 296)
   defining Unicode char U+0129 (decimal 297)
   defining Unicode char U+012A (decimal 298)
   defining Unicode char U+012B (decimal 299)
   defining Unicode char U+012C (decimal 300)
   defining Unicode char U+012D (decimal 301)
   defining Unicode char U+012E (decimal 302)
   defining Unicode char U+012F (decimal 303)
   defining Unicode char U+0130 (decimal 304)
   defining Unicode char U+0131 (decimal 305)
   defining Unicode char U+0132 (decimal 306)
   defining Unicode char U+0133 (decimal 307)
   defining Unicode char U+0134 (decimal 308)
   defining Unicode char U+0135 (decimal 309)
   defining Unicode char U+0136 (decimal 310)
   defining Unicode char U+0137 (decimal 311)
   defining Unicode char U+0139 (decimal 313)
   defining Unicode char U+013A (decimal 314)
   defining Unicode char U+013B (decimal 315)
   defining Unicode char U+013C (decimal 316)
   defining Unicode char U+013D (decimal 317)
   defining Unicode char U+013E (decimal 318)
   defining Unicode char U+0141 (decimal 321)
   defining Unicode char U+0142 (decimal 322)
   defining Unicode char U+0143 (decimal 323)
   defining Unicode char U+0144 (decimal 324)
   defining Unicode char U+0145 (decimal 325)
   defining Unicode char U+0146 (decimal 326)
   defining Unicode char U+0147 (decimal 327)
   defining Unicode char U+0148 (decimal 328)
   defining Unicode char U+014A (decimal 330)
   defining Unicode char U+014B (decimal 331)
   defining Unicode char U+014C (decimal 332)
   defining Unicode char U+014D (decimal 333)
   defining Unicode char U+014E (decimal 334)
   defining Unicode char U+014F (decimal 335)
   defining Unicode char U+0150 (decimal 336)
   defining Unicode char U+0151 (decimal 337)
   defining Unicode char U+0152 (decimal 338)
   defining Unicode char U+0153 (decimal 339)
   defining Unicode char U+0154 (decimal 340)
   defining Unicode char U+0155 (decimal 341)
   defining Unicode char U+0156 (decimal 342)
   defining Unicode char U+0157 (decimal 343)
   defining Unicode char U+0158 (decimal 344)
   defining Unicode char U+0159 (decimal 345)
   defining Unicode char U+015A (decimal 346)
   defining Unicode char U+015B (decimal 347)
   defining Unicode char U+015C (decimal 348)
   defining Unicode char U+015D (decimal 349)
   defining Unicode char U+015E (decimal 350)
   defining Unicode char U+015F (decimal 351)
   defining Unicode char U+0160 (decimal 352)
   defining Unicode char U+0161 (decimal 353)
   defining Unicode char U+0162 (decimal 354)
   defining Unicode char U+0163 (decimal 355)
   defining Unicode char U+0164 (decimal 356)
   defining Unicode char U+0165 (decimal 357)
   defining Unicode char U+0168 (decimal 360)
   defining Unicode char U+0169 (decimal 361)
   defining Unicode char U+016A (decimal 362)
   defining Unicode char U+016B (decimal 363)
   defining Unicode char U+016C (decimal 364)
   defining Unicode char U+016D (decimal 365)
   defining Unicode char U+016E (decimal 366)
   defining Unicode char U+016F (decimal 367)
   defining Unicode char U+0170 (decimal 368)
   defining Unicode char U+0171 (decimal 369)
   defining Unicode char U+0172 (decimal 370)
   defining Unicode char U+0173 (decimal 371)
   defining Unicode char U+0174 (decimal 372)
   defining Unicode char U+0175 (decimal 373)
   defining Unicode char U+0176 (decimal 374)
   defining Unicode char U+0177 (decimal 375)
   defining Unicode char U+0178 (decimal 376)
   defining Unicode char U+0179 (decimal 377)
   defining Unicode char U+017A (decimal 378)
   defining Unicode char U+017B (decimal 379)
   defining Unicode char U+017C (decimal 380)
   defining Unicode char U+017D (decimal 381)
   defining Unicode char U+017E (decimal 382)
   defining Unicode char U+01CD (decimal 461)
   defining Unicode char U+01CE (decimal 462)
   defining Unicode char U+01CF (decimal 463)
   defining Unicode char U+01D0 (decimal 464)
   defining Unicode char U+01D1 (decimal 465)
   defining Unicode char U+01D2 (decimal 466)
   defining Unicode char U+01D3 (decimal 467)
   defining Unicode char U+01D4 (decimal 468)
   defining Unicode char U+01E2 (decimal 482)
   defining Unicode char U+01E3 (decimal 483)
   defining Unicode char U+01E6 (decimal 486)
   defining Unicode char U+01E7 (decimal 487)
   defining Unicode char U+01E8 (decimal 488)
   defining Unicode char U+01E9 (decimal 489)
   defining Unicode char U+01EA (decimal 490)
   defining Unicode char U+01EB (decimal 491)
   defining Unicode char U+01F0 (decimal 496)
   defining Unicode char U+01F4 (decimal 500)
   defining Unicode char U+01F5 (decimal 501)
   defining Unicode char U+0218 (decimal 536)
   defining Unicode char U+0219 (decimal 537)
   defining Unicode char U+021A (decimal 538)
   defining Unicode char U+021B (decimal 539)
   defining Unicode char U+1E02 (decimal 7682)
   defining Unicode char U+1E03 (decimal 7683)
   defining Unicode char U+200C (decimal 8204)
   defining Unicode char U+2010 (decimal 8208)
   defining Unicode char U+2011 (decimal 8209)
   defining Unicode char U+2012 (decimal 8210)
   defining Unicode char U+2013 (decimal 8211)
   defining Unicode char U+2014 (decimal 8212)
   defining Unicode char U+2015 (decimal 8213)
   defining Unicode char U+2018 (decimal 8216)
   defining Unicode char U+2019 (decimal 8217)
   defining Unicode char U+201A (decimal 8218)
   defining Unicode char U+201C (decimal 8220)
   defining Unicode char U+201D (decimal 8221)
   defining Unicode char U+201E (decimal 8222)
   defining Unicode char U+2030 (decimal 8240)
   defining Unicode char U+2031 (decimal 8241)
   defining Unicode char U+2039 (decimal 8249)
   defining Unicode char U+203A (decimal 8250)
   defining Unicode char U+2423 (decimal 9251)
)
Now handling font encoding OT1 ...
... processing UTF-8 mapping file for font encoding OT1

(/usr/local/texlive/2016/texmf-dist/tex/latex/base/ot1enc.dfu
File: ot1enc.dfu 2016/02/28 v1.1s UTF-8 support for inputenc
   defining Unicode char U+00A0 (decimal 160)
   defining Unicode char U+00A1 (decimal 161)
   defining Unicode char U+00A3 (decimal 163)
   defining Unicode char U+00AD (decimal 173)
   defining Unicode char U+00B8 (decimal 184)
   defining Unicode char U+00BF (decimal 191)
   defining Unicode char U+00C5 (decimal 197)
   defining Unicode char U+00C6 (decimal 198)
   defining Unicode char U+00D8 (decimal 216)
   defining Unicode char U+00DF (decimal 223)
   defining Unicode char U+00E6 (decimal 230)
   defining Unicode char U+00EC (decimal 236)
   defining Unicode char U+00ED (decimal 237)
   defining Unicode char U+00EE (decimal 238)
   defining Unicode char U+00EF (decimal 239)
   defining Unicode char U+00F8 (decimal 248)
   defining Unicode char U+0131 (decimal 305)
   defining Unicode char U+0141 (decimal 321)
   defining Unicode char U+0142 (decimal 322)
   defining Unicode char U+0152 (decimal 338)
   defining Unicode char U+0153 (decimal 339)
   defining Unicode char U+0174 (decimal 372)
   defining Unicode char U+0175 (decimal 373)
   defining Unicode char U+0176 (decimal 374)
   defining Unicode char U+0177 (decimal 375)
   defining Unicode char U+0218 (decimal 536)
   defining Unicode char U+0219 (decimal 537)
   defining Unicode char U+021A (decimal 538)
   defining Unicode char U+021B (decimal 539)
   defining Unicode char U+2013 (decimal 8211)
   defining Unicode char U+2014 (decimal 8212)
   defining Unicode char U+2018 (decimal 8216)
   defining Unicode char U+2019 (decimal 8217)
   defining Unicode char U+201C (decimal 8220)
   defining Unicode char U+201D (decimal 8221)
)
Now handling font encoding OMS ...
... processing UTF-8 mapping file for font encoding OMS

(/usr/local/texlive/2016/texmf-dist/tex/latex/base/omsenc.dfu
File: omsenc.dfu 2016/02/28 v1.1s UTF-8 support for inputenc
   defining Unicode char U+00A7 (decimal 167)
   defining Unicode char U+00B6 (decimal 182)
   defining Unicode char U+00B7 (decimal 183)
   defining Unicode char U+2020 (decimal 8224)
   defining Unicode char U+2021 (decimal 8225)
   defining Unicode char U+2022 (decimal 8226)
)
Now handling font encoding OMX ...
... no UTF-8 mapping file for font encoding OMX
Now handling font encoding U ...
... no UTF-8 mapping file for font encoding U
   defining Unicode char U+00A9 (decimal 169)
   defining Unicode char U+00AA (decimal 170)
   defining Unicode char U+00AE (decimal 174)
   defining Unicode char U+00BA (decimal 186)
   defining Unicode char U+02C6 (decimal 710)
   defining Unicode char U+02DC (decimal 732)
   defining Unicode char U+200C (decimal 8204)
   defining Unicode char U+2026 (decimal 8230)
   defining Unicode char U+2122 (decimal 8482)
   defining Unicode char U+2423 (decimal 9251)
))
(/usr/local/texlive/2016/texmf-dist/tex/latex/rotating/rotating.sty
Package: rotating 2009/03/28 v2.16a rotated objects in LaTeX

(/usr/local/texlive/2016/texmf-dist/tex/latex/graphics/graphicx.sty
Package: graphicx 2014/10/28 v1.0g Enhanced LaTeX Graphics (DPC,SPQR)

(/usr/local/texlive/2016/texmf-dist/tex/latex/graphics/keyval.sty
Package: keyval 2014/10/28 v1.15 key=value parser (DPC)
\KV@toks@=\toks16
)
(/usr/local/texlive/2016/texmf-dist/tex/latex/graphics/graphics.sty
Package: graphics 2016/05/09 v1.0r Standard LaTeX Graphics (DPC,SPQR)

(/usr/local/texlive/2016/texmf-dist/tex/latex/graphics/trig.sty
Package: trig 2016/01/03 v1.10 sin cos tan (DPC)
)
(/usr/local/texlive/2016/texmf-dist/tex/latex/graphics-cfg/graphics.cfg
File: graphics.cfg 2016/01/02 v1.10 sample graphics configuration
)
Package graphics Info: Driver file: pdftex.def on input line 96.

(/usr/local/texlive/2016/texmf-dist/tex/latex/pdftex-def/pdftex.def
File: pdftex.def 2011/05/27 v0.06d Graphics/color for pdfTeX

(/usr/local/texlive/2016/texmf-dist/tex/generic/oberdiek/infwarerr.sty
Package: infwarerr 2016/05/16 v1.4 Providing info/warning/error messages (HO)
)
(/usr/local/texlive/2016/texmf-dist/tex/generic/oberdiek/ltxcmds.sty
Package: ltxcmds 2016/05/16 v1.23 LaTeX kernel commands for general use (HO)
)
\Gread@gobject=\count88
))
\Gin@req@height=\dimen104
\Gin@req@width=\dimen105
)
(/usr/local/texlive/2016/texmf-dist/tex/latex/base/ifthen.sty
Package: ifthen 2014/09/29 v1.1c Standard LaTeX ifthen package (DPC)
)
\c@r@tfl@t=\count89
\rotFPtop=\skip43
\rotFPbot=\skip44
\rot@float@box=\box26
\rot@mess@toks=\toks17
)
(/usr/local/texlive/2016/texmf-dist/tex/latex/listings/listings.sty
\lst@mode=\count90
\lst@gtempboxa=\box27
\lst@token=\toks18
\lst@length=\count91
\lst@currlwidth=\dimen106
\lst@column=\count92
\lst@pos=\count93
\lst@lostspace=\dimen107
\lst@width=\dimen108
\lst@newlines=\count94
\lst@lineno=\count95
\lst@maxwidth=\dimen109

(/usr/local/texlive/2016/texmf-dist/tex/latex/listings/lstmisc.sty
File: lstmisc.sty 2015/06/04 1.6 (Carsten Heinz)
\c@lstnumber=\count96
\lst@skipnumbers=\count97
\lst@framebox=\box28
)
(/usr/local/texlive/2016/texmf-dist/tex/latex/listings/listings.cfg
File: listings.cfg 2015/06/04 1.6 listings configuration
))
Package: listings 2015/06/04 1.6 (Carsten Heinz)

(/usr/local/texlive/2016/texmf-dist/tex/latex/biblatex/biblatex.sty
Package: biblatex 2016/05/14 v3.4 programmable bibliographies (PK/JW/AB)

(/usr/local/texlive/2016/texmf-dist/tex/generic/iftex/iftex.sty
Package: iftex 2013/04/04 v0.2 Provides if(tex) conditional for PDFTeX, XeTeX, 
and LuaTeX
)
(/usr/local/texlive/2016/texmf-dist/tex/generic/oberdiek/pdftexcmds.sty
Package: pdftexcmds 2016/05/10 v0.21 Utility functions of pdfTeX for LuaTeX (HO
)

(/usr/local/texlive/2016/texmf-dist/tex/generic/oberdiek/ifluatex.sty
Package: ifluatex 2016/05/16 v1.4 Provides the ifluatex switch (HO)
Package ifluatex Info: LuaTeX not detected.
)
(/usr/local/texlive/2016/texmf-dist/tex/generic/oberdiek/ifpdf.sty
Package: ifpdf 2016/05/14 v3.1 Provides the ifpdf switch
)
Package pdftexcmds Info: LuaTeX not detected.
Package pdftexcmds Info: \pdf@primitive is available.
Package pdftexcmds Info: \pdf@ifprimitive is available.
Package pdftexcmds Info: \pdfdraftmode found.
)
(/usr/local/texlive/2016/texmf-dist/tex/latex/etoolbox/etoolbox.sty
Package: etoolbox 2015/08/02 v2.2a e-TeX tools for LaTeX (JAW)
\etb@tempcnta=\count98
)
(/usr/local/texlive/2016/texmf-dist/tex/latex/oberdiek/kvoptions.sty
Package: kvoptions 2016/05/16 v3.12 Key value format for package options (HO)

(/usr/local/texlive/2016/texmf-dist/tex/generic/oberdiek/kvsetkeys.sty
Package: kvsetkeys 2016/05/16 v1.17 Key value parser (HO)

(/usr/local/texlive/2016/texmf-dist/tex/generic/oberdiek/etexcmds.sty
Package: etexcmds 2016/05/16 v1.6 Avoid name clashes with e-TeX commands (HO)
Package etexcmds Info: Could not find \expanded.
(etexcmds)             That can mean that you are not using pdfTeX 1.50 or
(etexcmds)             that some package has redefined \expanded.
(etexcmds)             In the latter case, load this package earlier.
)))
(/usr/local/texlive/2016/texmf-dist/tex/latex/logreq/logreq.sty
Package: logreq 2010/08/04 v1.0 xml request logger
\lrq@indent=\count99

(/usr/local/texlive/2016/texmf-dist/tex/latex/logreq/logreq.def
File: logreq.def 2010/08/04 v1.0 logreq spec v1.0
))
(/usr/local/texlive/2016/texmf-dist/tex/generic/xstring/xstring.sty
(/usr/local/texlive/2016/texmf-dist/tex/generic/xstring/xstring.tex
\@xs@message=\write3
\integerpart=\count100
\decimalpart=\count101
)
Package: xstring 2013/10/13  v1.7c  String manipulations (C Tellechea)
)
\c@tabx@nest=\count102
\c@listtotal=\count103
\c@listcount=\count104
\c@liststart=\count105
\c@liststop=\count106
\c@citecount=\count107
\c@citetotal=\count108
\c@multicitecount=\count109
\c@multicitetotal=\count110
\c@instcount=\count111
\c@maxnames=\count112
\c@minnames=\count113
\c@maxitems=\count114
\c@minitems=\count115
\c@citecounter=\count116
\c@savedcitecounter=\count117
\c@uniquelist=\count118
\c@uniquename=\count119
\c@refsection=\count120
\c@refsegment=\count121
\c@maxextratitle=\count122
\c@maxextratitleyear=\count123
\c@maxextrayear=\count124
\c@maxextraalpha=\count125
\c@abbrvpenalty=\count126
\c@highnamepenalty=\count127
\c@lownamepenalty=\count128
\c@maxparens=\count129
\c@parenlevel=\count130
\blx@tempcnta=\count131
\blx@tempcntb=\count132
\blx@tempcntc=\count133
\blx@maxsection=\count134
\blx@maxsegment@0=\count135
\blx@notetype=\count136
\blx@parenlevel@text=\count137
\blx@parenlevel@foot=\count138
\blx@sectionciteorder@0=\count139
\labelnumberwidth=\skip45
\labelalphawidth=\skip46
\biblabelsep=\skip47
\bibitemsep=\skip48
\bibnamesep=\skip49
\bibinitsep=\skip50
\bibparsep=\skip51
\bibhang=\skip52
\blx@bcfin=\read1
\blx@bcfout=\write4
\c@mincomprange=\count140
\c@maxcomprange=\count141
\c@mincompwidth=\count142
Package biblatex Info: Trying to load biblatex default data model...
Package biblatex Info: ... file 'blx-dm.def' found.

(/usr/local/texlive/2016/texmf-dist/tex/latex/biblatex/blx-dm.def)
Package biblatex Info: Trying to load biblatex style data model...
Package biblatex Info: ... file 'numeric.dbx' not found.
Package biblatex Info: Trying to load biblatex custom data model...
Package biblatex Info: ... file 'biblatex-dm.cfg' not found.
\c@afterword=\count143
\c@savedafterword=\count144
\c@annotator=\count145
\c@savedannotator=\count146
\c@author=\count147
\c@savedauthor=\count148
\c@bookauthor=\count149
\c@savedbookauthor=\count150
\c@commentator=\count151
\c@savedcommentator=\count152
\c@editor=\count153
\c@savededitor=\count154
\c@editora=\count155
\c@savededitora=\count156
\c@editorb=\count157
\c@savededitorb=\count158
\c@editorc=\count159
\c@savededitorc=\count160
\c@foreword=\count161
\c@savedforeword=\count162
\c@holder=\count163
\c@savedholder=\count164
\c@introduction=\count165
\c@savedintroduction=\count166
\c@namea=\count167
\c@savednamea=\count168
\c@nameb=\count169
\c@savednameb=\count170
\c@namec=\count171
\c@savednamec=\count172
\c@translator=\count173
\c@savedtranslator=\count174
\c@shortauthor=\count175
\c@savedshortauthor=\count176
\c@shorteditor=\count177
\c@savedshorteditor=\count178
\c@labelname=\count179
\c@savedlabelname=\count180
\c@institution=\count181
\c@savedinstitution=\count182
\c@lista=\count183
\c@savedlista=\count184
\c@listb=\count185
\c@savedlistb=\count186
\c@listc=\count187
\c@savedlistc=\count188
\c@listd=\count189
\c@savedlistd=\count190
\c@liste=\count191
\c@savedliste=\count192
\c@listf=\count193
\c@savedlistf=\count194
\c@location=\count195
\c@savedlocation=\count196
\c@organization=\count197
\c@savedorganization=\count198
\c@origlocation=\count199
\c@savedoriglocation=\count266
\c@origpublisher=\count267
\c@savedorigpublisher=\count268
\c@publisher=\count269
\c@savedpublisher=\count270
\c@language=\count271
\c@savedlanguage=\count272
\c@pageref=\count273
\c@savedpageref=\count274
\shorthandwidth=\skip53
\shortjournalwidth=\skip54
\shortserieswidth=\skip55
\shorttitlewidth=\skip56
\shortauthorwidth=\skip57
\shorteditorwidth=\skip58
Package biblatex Info: Trying to load compatibility code...
Package biblatex Info: ... file 'blx-compat.def' found.

(/usr/local/texlive/2016/texmf-dist/tex/latex/biblatex/blx-compat.def
File: blx-compat.def 2016/05/14 v3.4 biblatex compatibility (PK/JW/AB)
)
Package biblatex Info: Trying to load generic definitions...
Package biblatex Info: ... file 'biblatex.def' found.

(/usr/local/texlive/2016/texmf-dist/tex/latex/biblatex/biblatex.def
File: biblatex.def 2016/05/14 v3.4 biblatex compatibility (PK/JW/AB)
\c@textcitecount=\count275
\c@textcitetotal=\count276
\c@textcitemaxnames=\count277
\c@biburlnumpenalty=\count278
\c@biburlucpenalty=\count279
\c@biburllcpenalty=\count280
\c@smartand=\count281
)
Package biblatex Info: Trying to load bibliography style 'numeric'...
Package biblatex Info: ... file 'numeric.bbx' found.

(/usr/local/texlive/2016/texmf-dist/tex/latex/biblatex/bbx/numeric.bbx
File: numeric.bbx 2016/05/14 v3.4 biblatex bibliography style (PK/JW/AB)
Package biblatex Info: Trying to load bibliography style 'standard'...
Package biblatex Info: ... file 'standard.bbx' found.

(/usr/local/texlive/2016/texmf-dist/tex/latex/biblatex/bbx/standard.bbx
File: standard.bbx 2016/05/14 v3.4 biblatex bibliography style (PK/JW/AB)
\c@bbx:relatedcount=\count282
\c@bbx:relatedtotal=\count283
))
Package biblatex Info: Trying to load citation style 'numeric'...
Package biblatex Info: ... file 'numeric.cbx' found.

(/usr/local/texlive/2016/texmf-dist/tex/latex/biblatex/cbx/numeric.cbx
File: numeric.cbx 2016/05/14 v3.4 biblatex citation style (PK/JW/AB)
Package biblatex Info: Redefining '\cite'.
Package biblatex Info: Redefining '\parencite'.
Package biblatex Info: Redefining '\footcite'.
Package biblatex Info: Redefining '\footcitetext'.
Package biblatex Info: Redefining '\smartcite'.
Package biblatex Info: Redefining '\supercite'.
Package biblatex Info: Redefining '\textcite'.
Package biblatex Info: Redefining '\textcites'.
Package biblatex Info: Redefining '\cites'.
Package biblatex Info: Redefining '\parencites'.
Package biblatex Info: Redefining '\smartcites'.
)
Package biblatex Info: Trying to load configuration file...
Package biblatex Info: ... file 'biblatex.cfg' found.

(/usr/local/texlive/2016/texmf-dist/tex/latex/biblatex/biblatex.cfg
File: biblatex.cfg 
))
(/usr/local/texlive/2016/texmf-dist/tex/latex/mdframed/mdframed.sty
Package: mdframed 2013/07/01 1.9b: mdframed

(/usr/local/texlive/2016/texmf-dist/tex/latex/l3packages/xparse/xparse.sty
(/usr/local/texlive/2016/texmf-dist/tex/latex/l3kernel/expl3.sty
Package: expl3 2016/05/18 v6512 L3 programming layer (loader) 

(/usr/local/texlive/2016/texmf-dist/tex/latex/l3kernel/expl3-code.tex
Package: expl3 2016/05/18 v6512 L3 programming layer (code)
L3 Module: l3bootstrap 2016/02/12 v6412 L3 Bootstrap code
L3 Module: l3names 2016/03/11 v6433 L3 Namespace for primitives
L3 Module: l3basics 2015/11/22 v6315 L3 Basic definitions
L3 Module: l3expan 2015/09/10 v5983 L3 Argument expansion
L3 Module: l3tl 2016/03/26 v6465 L3 Token lists
L3 Module: l3str 2016/03/24 v6441 L3 Strings
L3 Module: l3seq 2015/08/05 v5777 L3 Sequences and stacks
L3 Module: l3int 2016/03/24 v6441 L3 Integers
\c_max_int=\count284
\l_tmpa_int=\count285
\l_tmpb_int=\count286
\g_tmpa_int=\count287
\g_tmpb_int=\count288
L3 Module: l3quark 2015/08/17 v5855 L3 Quarks
L3 Module: l3prg 2015/11/01 v6216 L3 Control structures
\g__prg_map_int=\count289
L3 Module: l3clist 2015/09/02 v5901 L3 Comma separated lists
L3 Module: l3token 2016/04/03 v6470 L3 Experimental token manipulation
L3 Module: l3prop 2016/01/05 v6366 L3 Property lists
L3 Module: l3msg 2016/03/26 v6464 L3 Messages
L3 Module: l3file 2016/03/25 v6458 L3 File and I/O operations
\l_iow_line_count_int=\count290
\l__iow_target_count_int=\count291
\l__iow_current_line_int=\count292
\l__iow_current_word_int=\count293
\l__iow_current_indentation_int=\count294
L3 Module: l3skip 2016/01/05 v6366 L3 Dimensions and skips
\c_zero_dim=\dimen110
\c_max_dim=\dimen111
\l_tmpa_dim=\dimen112
\l_tmpb_dim=\dimen113
\g_tmpa_dim=\dimen114
\g_tmpb_dim=\dimen115
\c_zero_skip=\skip59
\c_max_skip=\skip60
\l_tmpa_skip=\skip61
\l_tmpb_skip=\skip62
\g_tmpa_skip=\skip63
\g_tmpb_skip=\skip64
\c_zero_muskip=\muskip11
\c_max_muskip=\muskip12
\l_tmpa_muskip=\muskip13
\l_tmpb_muskip=\muskip14
\g_tmpa_muskip=\muskip15
\g_tmpb_muskip=\muskip16
L3 Module: l3keys 2015/11/17 v6284 L3 Key-value interfaces
\g__keyval_level_int=\count295
\l_keys_choice_int=\count296
L3 Module: l3fp 2016/03/26 v6465 L3 Floating points
\c__fp_leading_shift_int=\count297
\c__fp_middle_shift_int=\count298
\c__fp_trailing_shift_int=\count299
\c__fp_big_leading_shift_int=\count300
\c__fp_big_middle_shift_int=\count301
\c__fp_big_trailing_shift_int=\count302
\c__fp_Bigg_leading_shift_int=\count303
\c__fp_Bigg_middle_shift_int=\count304
\c__fp_Bigg_trailing_shift_int=\count305
L3 Module: l3box 2015/08/09 v5822 L3 Experimental boxes
\c_empty_box=\box29
\l_tmpa_box=\box30
\l_tmpb_box=\box31
\g_tmpa_box=\box32
\g_tmpb_box=\box33
L3 Module: l3coffins 2016/05/17 v6508 L3 Coffin code layer
\l__coffin_internal_box=\box34
\l__coffin_internal_dim=\dimen116
\l__coffin_offset_x_dim=\dimen117
\l__coffin_offset_y_dim=\dimen118
\l__coffin_x_dim=\dimen119
\l__coffin_y_dim=\dimen120
\l__coffin_x_prime_dim=\dimen121
\l__coffin_y_prime_dim=\dimen122
\c_empty_coffin=\box35
\l__coffin_aligned_coffin=\box36
\l__coffin_aligned_internal_coffin=\box37
\l_tmpa_coffin=\box38
\l_tmpb_coffin=\box39
\l__coffin_display_coffin=\box40
\l__coffin_display_coord_coffin=\box41
\l__coffin_display_pole_coffin=\box42
\l__coffin_display_offset_dim=\dimen123
\l__coffin_display_x_dim=\dimen124
\l__coffin_display_y_dim=\dimen125
L3 Module: l3color 2014/08/23 v5354 L3 Experimental color support
L3 Module: l3sys 2015/09/25 v6087 L3 Experimental system/runtime functions
L3 Module: l3candidates 2016/05/13 v6484 L3 Experimental additions to l3kernel
\l__box_top_dim=\dimen126
\l__box_bottom_dim=\dimen127
\l__box_left_dim=\dimen128
\l__box_right_dim=\dimen129
\l__box_top_new_dim=\dimen130
\l__box_bottom_new_dim=\dimen131
\l__box_left_new_dim=\dimen132
\l__box_right_new_dim=\dimen133
\l__box_internal_box=\box43
\l__coffin_bounding_shift_dim=\dimen134
\l__coffin_left_corner_dim=\dimen135
\l__coffin_right_corner_dim=\dimen136
\l__coffin_bottom_corner_dim=\dimen137
\l__coffin_top_corner_dim=\dimen138
\l__coffin_scaled_total_height_dim=\dimen139
\l__coffin_scaled_width_dim=\dimen140
L3 Module: l3luatex 2016/03/26 v6465 L3 Experimental LuaTeX-specific functions
)
(/usr/local/texlive/2016/texmf-dist/tex/latex/l3kernel/l3pdfmode.def
File: l3pdfmode.def 2016/03/26 v6465 L3 Experimental driver: PDF mode
\l__driver_color_stack_int=\count306
\l__driver_tmp_box=\box44
))
Package: xparse 2016/05/18 v6512 L3 Experimental document command parser
\l__xparse_current_arg_int=\count307
\l__xparse_m_args_int=\count308
\l__xparse_mandatory_args_int=\count309
\l__xparse_processor_int=\count310
\l__xparse_v_nesting_int=\count311
)
(/usr/local/texlive/2016/texmf-dist/tex/latex/oberdiek/zref-abspage.sty
Package: zref-abspage 2016/05/16 v2.25 Module abspage for zref (HO)

(/usr/local/texlive/2016/texmf-dist/tex/latex/oberdiek/zref-base.sty
Package: zref-base 2016/05/16 v2.25 Module base for zref (HO)

(/usr/local/texlive/2016/texmf-dist/tex/generic/oberdiek/kvdefinekeys.sty
Package: kvdefinekeys 2016/05/16 v1.4 Define keys (HO)
)
(/usr/local/texlive/2016/texmf-dist/tex/latex/oberdiek/auxhook.sty
Package: auxhook 2016/05/16 v1.4 Hooks for auxiliary files (HO)
)
Package zref Info: New property list: main on input line 759.
Package zref Info: New property: default on input line 760.
Package zref Info: New property: page on input line 761.
)
(/usr/local/texlive/2016/texmf-dist/tex/generic/oberdiek/atbegshi.sty
Package: atbegshi 2016/05/16 v1.17 At begin shipout hook (HO)
)
\c@abspage=\count312
Package zref Info: New property: abspage on input line 62.
)
(/usr/local/texlive/2016/texmf-dist/tex/latex/needspace/needspace.sty
Package: needspace 2010/09/12 v1.3d reserve vertical space
)
(/usr/local/texlive/2016/texmf-dist/tex/latex/graphics/color.sty
Package: color 2016/05/09 v1.1c Standard LaTeX Color (DPC)

(/usr/local/texlive/2016/texmf-dist/tex/latex/graphics-cfg/color.cfg
File: color.cfg 2016/01/02 v1.6 sample color configuration
)
Package color Info: Driver file: pdftex.def on input line 144.
)
\mdf@templength=\skip65
\c@mdf@globalstyle@cnt=\count313
\mdf@skipabove@length=\skip66
\mdf@skipbelow@length=\skip67
\mdf@leftmargin@length=\skip68
\mdf@rightmargin@length=\skip69
\mdf@innerleftmargin@length=\skip70
\mdf@innerrightmargin@length=\skip71
\mdf@innertopmargin@length=\skip72
\mdf@innerbottommargin@length=\skip73
\mdf@splittopskip@length=\skip74
\mdf@splitbottomskip@length=\skip75
\mdf@outermargin@length=\skip76
\mdf@innermargin@length=\skip77
\mdf@linewidth@length=\skip78
\mdf@innerlinewidth@length=\skip79
\mdf@middlelinewidth@length=\skip80
\mdf@outerlinewidth@length=\skip81
\mdf@roundcorner@length=\skip82
\mdf@footenotedistance@length=\skip83
\mdf@userdefinedwidth@length=\skip84
\mdf@needspace@length=\skip85
\mdf@frametitleaboveskip@length=\skip86
\mdf@frametitlebelowskip@length=\skip87
\mdf@frametitlerulewidth@length=\skip88
\mdf@frametitleleftmargin@length=\skip89
\mdf@frametitlerightmargin@length=\skip90
\mdf@shadowsize@length=\skip91
\mdf@extratopheight@length=\skip92
\mdf@subtitleabovelinewidth@length=\skip93
\mdf@subtitlebelowlinewidth@length=\skip94
\mdf@subtitleaboveskip@length=\skip95
\mdf@subtitlebelowskip@length=\skip96
\mdf@subtitleinneraboveskip@length=\skip97
\mdf@subtitleinnerbelowskip@length=\skip98
\mdf@subsubtitleabovelinewidth@length=\skip99
\mdf@subsubtitlebelowlinewidth@length=\skip100
\mdf@subsubtitleaboveskip@length=\skip101
\mdf@subsubtitlebelowskip@length=\skip102
\mdf@subsubtitleinneraboveskip@length=\skip103
\mdf@subsubtitleinnerbelowskip@length=\skip104

(/usr/local/texlive/2016/texmf-dist/tex/latex/mdframed/md-frame-0.mdf
File: md-frame-0.mdf 2013/07/01\ 1.9b: md-frame-0
)
\mdf@frametitlebox=\box45
\mdf@footnotebox=\box46
\mdf@splitbox@one=\box47
\mdf@splitbox@two=\box48
\mdf@splitbox@save=\box49
\mdfsplitboxwidth=\skip105
\mdfsplitboxtotalwidth=\skip106
\mdfsplitboxheight=\skip107
\mdfsplitboxdepth=\skip108
\mdfsplitboxtotalheight=\skip109
\mdfframetitleboxwidth=\skip110
\mdfframetitleboxtotalwidth=\skip111
\mdfframetitleboxheight=\skip112
\mdfframetitleboxdepth=\skip113
\mdfframetitleboxtotalheight=\skip114
\mdffootnoteboxwidth=\skip115
\mdffootnoteboxtotalwidth=\skip116
\mdffootnoteboxheight=\skip117
\mdffootnoteboxdepth=\skip118
\mdffootnoteboxtotalheight=\skip119
\mdftotallinewidth=\skip120
\mdfboundingboxwidth=\skip121
\mdfboundingboxtotalwidth=\skip122
\mdfboundingboxheight=\skip123
\mdfboundingboxdepth=\skip124
\mdfboundingboxtotalheight=\skip125
\mdf@freevspace@length=\skip126
\mdf@horizontalwidthofbox@length=\skip127
\mdf@verticalmarginwhole@length=\skip128
\mdf@horizontalspaceofbox=\skip129
\mdfsubtitleheight=\skip130
\mdfsubsubtitleheight=\skip131
\c@mdfcountframes=\count314

****** mdframed patching \endmdf@trivlist

****** -- success******

.................................................
. LaTeX info: "xparse/define-command"
. 
. Defining command \newmdtheoremenv with sig. 'O{} m o m o ' on line 601.
.................................................
.................................................
. LaTeX info: "xparse/define-command"
. 
. Defining command \mdtheorem with sig. ' O{} m o m o ' on line 701.
.................................................
\mdf@envdepth=\count315
\c@mdf@env@i=\count316
\c@mdf@env@ii=\count317
\c@mdf@zref@counter=\count318
Package zref Info: New property: mdf@pagevalue on input line 895.
)
(/usr/local/texlive/2016/texmf-dist/tex/latex/booktabs/booktabs.sty
Package: booktabs 2016/04/27 v1.618033 publication quality tables
\heavyrulewidth=\dimen141
\lightrulewidth=\dimen142
\cmidrulewidth=\dimen143
\belowrulesep=\dimen144
\belowbottomsep=\dimen145
\aboverulesep=\dimen146
\abovetopsep=\dimen147
\cmidrulesep=\dimen148
\cmidrulekern=\dimen149
\defaultaddspace=\dimen150
\@cmidla=\count319
\@cmidlb=\count320
\@aboverulesep=\dimen151
\@belowrulesep=\dimen152
\@thisruleclass=\count321
\@lastruleclass=\count322
\@thisrulewidth=\dimen153
)
(/usr/local/texlive/2016/texmf-dist/tex/latex/amsmath/amsmath.sty
Package: amsmath 2016/03/10 v2.15b AMS math features
\@mathmargin=\skip132

For additional information on amsmath, use the `?' option.
(/usr/local/texlive/2016/texmf-dist/tex/latex/amsmath/amstext.sty
Package: amstext 2000/06/29 v2.01 AMS text

(/usr/local/texlive/2016/texmf-dist/tex/latex/amsmath/amsgen.sty
File: amsgen.sty 1999/11/30 v2.0 generic functions
\@emptytoks=\toks19
\ex@=\dimen154
))
(/usr/local/texlive/2016/texmf-dist/tex/latex/amsmath/amsbsy.sty
Package: amsbsy 1999/11/29 v1.2d Bold Symbols
\pmbraise@=\dimen155
)
(/usr/local/texlive/2016/texmf-dist/tex/latex/amsmath/amsopn.sty
Package: amsopn 2016/03/08 v2.02 operator names
)
\inf@bad=\count323
LaTeX Info: Redefining \frac on input line 199.
\uproot@=\count324
\leftroot@=\count325
LaTeX Info: Redefining \overline on input line 297.
\classnum@=\count326
\DOTSCASE@=\count327
LaTeX Info: Redefining \ldots on input line 394.
LaTeX Info: Redefining \dots on input line 397.
LaTeX Info: Redefining \cdots on input line 518.
\Mathstrutbox@=\box50
\strutbox@=\box51
\big@size=\dimen156
LaTeX Font Info:    Redeclaring font encoding OML on input line 634.
LaTeX Font Info:    Redeclaring font encoding OMS on input line 635.
\macc@depth=\count328
\c@MaxMatrixCols=\count329
\dotsspace@=\muskip17
\c@parentequation=\count330
\dspbrk@lvl=\count331
\tag@help=\toks20
\row@=\count332
\column@=\count333
\maxfields@=\count334
\andhelp@=\toks21
\eqnshift@=\dimen157
\alignsep@=\dimen158
\tagshift@=\dimen159
\tagwidth@=\dimen160
\totwidth@=\dimen161
\lineht@=\dimen162
\@envbody=\toks22
\multlinegap=\skip133
\multlinetaggap=\skip134
\mathdisplay@stack=\toks23
LaTeX Info: Redefining \[ on input line 2739.
LaTeX Info: Redefining \] on input line 2740.
)
(/usr/local/texlive/2016/texmf-dist/tex/latex/appendix/appendix.sty
Package: appendix 2009/09/02 v1.2b extra appendix facilities
\c@@pps=\count335
\c@@ppsavesec=\count336
\c@@ppsaveapp=\count337
)
(/usr/local/texlive/2016/texmf-dist/tex/latex/setspace/setspace.sty
Package: setspace 2011/12/19 v6.7a set line spacing
)
(/usr/local/texlive/2016/texmf-dist/tex/latex/parskip/parskip.sty
Package: parskip 2001/04/09 non-zero parskip adjustments
)
(/usr/local/texlive/2016/texmf-dist/tex/latex/fancyhdr/fancyhdr.sty
\fancy@headwidth=\skip135
\f@ncyO@elh=\skip136
\f@ncyO@erh=\skip137
\f@ncyO@olh=\skip138
\f@ncyO@orh=\skip139
\f@ncyO@elf=\skip140
\f@ncyO@erf=\skip141
\f@ncyO@olf=\skip142
\f@ncyO@orf=\skip143
)
(/usr/local/texlive/2016/texmf-dist/tex/latex/vmargin/vmargin.sty
Package: vmargin 2004/07/15 V2.5 set document margins (VK)

Package: vmargin 2004/07/15 V2.5 set document margins (VK)
\PaperWidth=\dimen163
\PaperHeight=\dimen164
) (/usr/local/texlive/2016/texmf-dist/tex/latex/float/float.sty
Package: float 2001/11/08 v1.3d Float enhancements (AL)
\c@float@type=\count338
\float@exts=\toks24
\float@box=\box52
\@float@everytoks=\toks25
\@floatcapt=\box53
)
(/usr/local/texlive/2016/texmf-dist/tex/latex/chngcntr/chngcntr.sty
Package: chngcntr 2009/09/02 v1.0a change counter resetting
)
(/usr/local/texlive/2016/texmf-dist/tex/latex/csquotes/csquotes.sty
Package: csquotes 2016/01/31 v5.1g context-sensitive quotations (JAW)
\csq@reset=\count339
\csq@gtype=\count340
\csq@glevel=\count341
\csq@qlevel=\count342
\csq@maxlvl=\count343
\csq@tshold=\count344
\csq@ltx@everypar=\toks26

(/usr/local/texlive/2016/texmf-dist/tex/latex/csquotes/csquotes.def
File: csquotes.def 2016/01/31 v5.1g csquotes generic definitions (JAW)
)
Package csquotes Info: Trying to load configuration file 'csquotes.cfg'...
Package csquotes Info: ... configuration file loaded successfully.

(/usr/local/texlive/2016/texmf-dist/tex/latex/csquotes/csquotes.cfg
File: csquotes.cfg 
)
Package csquotes Info: Enabling multilingual quotes.
Package csquotes Info: Redefining alias 'english' -> 'english/british'.
)
Package csquotes Info: Allocating character ".

(/usr/local/texlive/2016/texmf-dist/tex/latex/caption/caption.sty
Package: caption 2016/02/21 v3.3-144 Customizing captions (AR)

(/usr/local/texlive/2016/texmf-dist/tex/latex/caption/caption3.sty
Package: caption3 2016/02/04 v1.7-139 caption3 kernel (AR)
Package caption3 Info: TeX engine: e-TeX on input line 67.
\captionmargin=\dimen165
\captionmargin@=\dimen166
\captionwidth=\dimen167
\caption@tempdima=\dimen168
\caption@indent=\dimen169
\caption@parindent=\dimen170
\caption@hangindent=\dimen171
)
\c@ContinuedFloat=\count345
Package caption Info: float package is loaded.
Package caption Info: listings package is loaded.
Package caption Info: rotating package is loaded.
)
(/usr/local/texlive/2016/texmf-dist/tex/latex/caption/subcaption.sty
Package: subcaption 2016/02/20 v1.1-142 Sub-captions (AR)
\c@subfigure=\count346
\c@subtable=\count347
)
(/usr/local/texlive/2016/texmf-dist/tex/latex/xcolor/xcolor.sty
Package: xcolor 2016/05/11 v2.12 LaTeX color extensions (UK)

(/usr/local/texlive/2016/texmf-dist/tex/latex/graphics-cfg/color.cfg
File: color.cfg 2016/01/02 v1.6 sample color configuration
)
Package xcolor Info: Driver file: pdftex.def on input line 225.
LaTeX Info: Redefining \color on input line 709.
Package xcolor Info: Model `cmy' substituted by `cmy0' on input line 1348.
Package xcolor Info: Model `hsb' substituted by `rgb' on input line 1352.
Package xcolor Info: Model `RGB' extended on input line 1364.
Package xcolor Info: Model `HTML' substituted by `rgb' on input line 1366.
Package xcolor Info: Model `Hsb' substituted by `hsb' on input line 1367.
Package xcolor Info: Model `tHsb' substituted by `hsb' on input line 1368.
Package xcolor Info: Model `HSB' substituted by `hsb' on input line 1369.
Package xcolor Info: Model `Gray' substituted by `gray' on input line 1370.
Package xcolor Info: Model `wave' substituted by `hsb' on input line 1371.
)
(/usr/local/texlive/2016/texmf-dist/tex/latex/base/fontenc.sty
Package: fontenc 2005/09/27 v1.99g Standard LaTeX package

(/usr/local/texlive/2016/texmf-dist/tex/latex/base/t1enc.def
File: t1enc.def 2005/09/27 v1.99g Standard LaTeX file
LaTeX Font Info:    Redeclaring font encoding T1 on input line 48.
))
(/usr/local/texlive/2016/texmf-dist/tex/latex/base/textcomp.sty
Package: textcomp 2005/09/27 v1.99g Standard LaTeX package
Package textcomp Info: Sub-encoding information:
(textcomp)               5 = only ISO-Adobe without \textcurrency
(textcomp)               4 = 5 + \texteuro
(textcomp)               3 = 4 + \textohm
(textcomp)               2 = 3 + \textestimated + \textcurrency
(textcomp)               1 = TS1 - \textcircled - \t
(textcomp)               0 = TS1 (full)
(textcomp)             Font families with sub-encoding setting implement
(textcomp)             only a restricted character set as indicated.
(textcomp)             Family '?' is the default used for unknown fonts.
(textcomp)             See the documentation for details.
Package textcomp Info: Setting ? sub-encoding to TS1/1 on input line 79.

(/usr/local/texlive/2016/texmf-dist/tex/latex/base/ts1enc.def
File: ts1enc.def 2001/06/05 v3.0e (jk/car/fm) Standard LaTeX file
Now handling font encoding TS1 ...
... processing UTF-8 mapping file for font encoding TS1

(/usr/local/texlive/2016/texmf-dist/tex/latex/base/ts1enc.dfu
File: ts1enc.dfu 2016/02/28 v1.1s UTF-8 support for inputenc
   defining Unicode char U+00A2 (decimal 162)
   defining Unicode char U+00A3 (decimal 163)
   defining Unicode char U+00A4 (decimal 164)
   defining Unicode char U+00A5 (decimal 165)
   defining Unicode char U+00A6 (decimal 166)
   defining Unicode char U+00A7 (decimal 167)
   defining Unicode char U+00A8 (decimal 168)
   defining Unicode char U+00A9 (decimal 169)
   defining Unicode char U+00AA (decimal 170)
   defining Unicode char U+00AC (decimal 172)
   defining Unicode char U+00AE (decimal 174)
   defining Unicode char U+00AF (decimal 175)
   defining Unicode char U+00B0 (decimal 176)
   defining Unicode char U+00B1 (decimal 177)
   defining Unicode char U+00B2 (decimal 178)
   defining Unicode char U+00B3 (decimal 179)
   defining Unicode char U+00B4 (decimal 180)
   defining Unicode char U+00B5 (decimal 181)
   defining Unicode char U+00B6 (decimal 182)
   defining Unicode char U+00B7 (decimal 183)
   defining Unicode char U+00B9 (decimal 185)
   defining Unicode char U+00BA (decimal 186)
   defining Unicode char U+00BC (decimal 188)
   defining Unicode char U+00BD (decimal 189)
   defining Unicode char U+00BE (decimal 190)
   defining Unicode char U+00D7 (decimal 215)
   defining Unicode char U+00F7 (decimal 247)
   defining Unicode char U+0192 (decimal 402)
   defining Unicode char U+02C7 (decimal 711)
   defining Unicode char U+02D8 (decimal 728)
   defining Unicode char U+02DD (decimal 733)
   defining Unicode char U+0E3F (decimal 3647)
   defining Unicode char U+2016 (decimal 8214)
   defining Unicode char U+2020 (decimal 8224)
   defining Unicode char U+2021 (decimal 8225)
   defining Unicode char U+2022 (decimal 8226)
   defining Unicode char U+2030 (decimal 8240)
   defining Unicode char U+2031 (decimal 8241)
   defining Unicode char U+203B (decimal 8251)
   defining Unicode char U+203D (decimal 8253)
   defining Unicode char U+2044 (decimal 8260)
   defining Unicode char U+204E (decimal 8270)
   defining Unicode char U+2052 (decimal 8274)
   defining Unicode char U+20A1 (decimal 8353)
   defining Unicode char U+20A4 (decimal 8356)
   defining Unicode char U+20A6 (decimal 8358)
   defining Unicode char U+20A9 (decimal 8361)
   defining Unicode char U+20AB (decimal 8363)
   defining Unicode char U+20AC (decimal 8364)
   defining Unicode char U+20B1 (decimal 8369)
   defining Unicode char U+2103 (decimal 8451)
   defining Unicode char U+2116 (decimal 8470)
   defining Unicode char U+2117 (decimal 8471)
   defining Unicode char U+211E (decimal 8478)
   defining Unicode char U+2120 (decimal 8480)
   defining Unicode char U+2122 (decimal 8482)
   defining Unicode char U+2126 (decimal 8486)
   defining Unicode char U+2127 (decimal 8487)
   defining Unicode char U+212E (decimal 8494)
   defining Unicode char U+2190 (decimal 8592)
   defining Unicode char U+2191 (decimal 8593)
   defining Unicode char U+2192 (decimal 8594)
   defining Unicode char U+2193 (decimal 8595)
   defining Unicode char U+2329 (decimal 9001)
   defining Unicode char U+232A (decimal 9002)
   defining Unicode char U+2422 (decimal 9250)
   defining Unicode char U+25E6 (decimal 9702)
   defining Unicode char U+25EF (decimal 9711)
   defining Unicode char U+266A (decimal 9834)
))
LaTeX Info: Redefining \oldstylenums on input line 334.
Package textcomp Info: Setting cmr sub-encoding to TS1/0 on input line 349.
Package textcomp Info: Setting cmss sub-encoding to TS1/0 on input line 350.
Package textcomp Info: Setting cmtt sub-encoding to TS1/0 on input line 351.
Package textcomp Info: Setting cmvtt sub-encoding to TS1/0 on input line 352.
Package textcomp Info: Setting cmbr sub-encoding to TS1/0 on input line 353.
Package textcomp Info: Setting cmtl sub-encoding to TS1/0 on input line 354.
Package textcomp Info: Setting ccr sub-encoding to TS1/0 on input line 355.
Package textcomp Info: Setting ptm sub-encoding to TS1/4 on input line 356.
Package textcomp Info: Setting pcr sub-encoding to TS1/4 on input line 357.
Package textcomp Info: Setting phv sub-encoding to TS1/4 on input line 358.
Package textcomp Info: Setting ppl sub-encoding to TS1/3 on input line 359.
Package textcomp Info: Setting pag sub-encoding to TS1/4 on input line 360.
Package textcomp Info: Setting pbk sub-encoding to TS1/4 on input line 361.
Package textcomp Info: Setting pnc sub-encoding to TS1/4 on input line 362.
Package textcomp Info: Setting pzc sub-encoding to TS1/4 on input line 363.
Package textcomp Info: Setting bch sub-encoding to TS1/4 on input line 364.
Package textcomp Info: Setting put sub-encoding to TS1/5 on input line 365.
Package textcomp Info: Setting uag sub-encoding to TS1/5 on input line 366.
Package textcomp Info: Setting ugq sub-encoding to TS1/5 on input line 367.
Package textcomp Info: Setting ul8 sub-encoding to TS1/4 on input line 368.
Package textcomp Info: Setting ul9 sub-encoding to TS1/4 on input line 369.
Package textcomp Info: Setting augie sub-encoding to TS1/5 on input line 370.
Package textcomp Info: Setting dayrom sub-encoding to TS1/3 on input line 371.
Package textcomp Info: Setting dayroms sub-encoding to TS1/3 on input line 372.

Package textcomp Info: Setting pxr sub-encoding to TS1/0 on input line 373.
Package textcomp Info: Setting pxss sub-encoding to TS1/0 on input line 374.
Package textcomp Info: Setting pxtt sub-encoding to TS1/0 on input line 375.
Package textcomp Info: Setting txr sub-encoding to TS1/0 on input line 376.
Package textcomp Info: Setting txss sub-encoding to TS1/0 on input line 377.
Package textcomp Info: Setting txtt sub-encoding to TS1/0 on input line 378.
Package textcomp Info: Setting lmr sub-encoding to TS1/0 on input line 379.
Package textcomp Info: Setting lmdh sub-encoding to TS1/0 on input line 380.
Package textcomp Info: Setting lmss sub-encoding to TS1/0 on input line 381.
Package textcomp Info: Setting lmssq sub-encoding to TS1/0 on input line 382.
Package textcomp Info: Setting lmvtt sub-encoding to TS1/0 on input line 383.
Package textcomp Info: Setting lmtt sub-encoding to TS1/0 on input line 384.
Package textcomp Info: Setting qhv sub-encoding to TS1/0 on input line 385.
Package textcomp Info: Setting qag sub-encoding to TS1/0 on input line 386.
Package textcomp Info: Setting qbk sub-encoding to TS1/0 on input line 387.
Package textcomp Info: Setting qcr sub-encoding to TS1/0 on input line 388.
Package textcomp Info: Setting qcs sub-encoding to TS1/0 on input line 389.
Package textcomp Info: Setting qpl sub-encoding to TS1/0 on input line 390.
Package textcomp Info: Setting qtm sub-encoding to TS1/0 on input line 391.
Package textcomp Info: Setting qzc sub-encoding to TS1/0 on input line 392.
Package textcomp Info: Setting qhvc sub-encoding to TS1/0 on input line 393.
Package textcomp Info: Setting futs sub-encoding to TS1/4 on input line 394.
Package textcomp Info: Setting futx sub-encoding to TS1/4 on input line 395.
Package textcomp Info: Setting futj sub-encoding to TS1/4 on input line 396.
Package textcomp Info: Setting hlh sub-encoding to TS1/3 on input line 397.
Package textcomp Info: Setting hls sub-encoding to TS1/3 on input line 398.
Package textcomp Info: Setting hlst sub-encoding to TS1/3 on input line 399.
Package textcomp Info: Setting hlct sub-encoding to TS1/5 on input line 400.
Package textcomp Info: Setting hlx sub-encoding to TS1/5 on input line 401.
Package textcomp Info: Setting hlce sub-encoding to TS1/5 on input line 402.
Package textcomp Info: Setting hlcn sub-encoding to TS1/5 on input line 403.
Package textcomp Info: Setting hlcw sub-encoding to TS1/5 on input line 404.
Package textcomp Info: Setting hlcf sub-encoding to TS1/5 on input line 405.
Package textcomp Info: Setting pplx sub-encoding to TS1/3 on input line 406.
Package textcomp Info: Setting pplj sub-encoding to TS1/3 on input line 407.
Package textcomp Info: Setting ptmx sub-encoding to TS1/4 on input line 408.
Package textcomp Info: Setting ptmj sub-encoding to TS1/4 on input line 409.
)
(/usr/local/texlive/2016/texmf-dist/tex/latex/inconsolata/inconsolata.sty
Package: inconsolata 2016/02/22 v1.10

`inconsolata-zi4' v1.10, 2016/02/22 Text macros for Inconsolata (msharpe)
\zifour@ocount=\count348
)
(/usr/local/texlive/2016/texmf-dist/tex/latex/imakeidx/imakeidx.sty
Package: imakeidx 2016/05/16 v1.3c Package for typesetting indices in a synchro
nous mode

(/usr/local/texlive/2016/texmf-dist/tex/latex/xkeyval/xkeyval.sty
Package: xkeyval 2014/12/03 v2.7a package option processing (HA)

(/usr/local/texlive/2016/texmf-dist/tex/generic/xkeyval/xkeyval.tex
(/usr/local/texlive/2016/texmf-dist/tex/generic/xkeyval/xkvutils.tex
\XKV@toks=\toks27
\XKV@tempa@toks=\toks28
)
\XKV@depth=\count349
File: xkeyval.tex 2014/12/03 v2.7a key=value parser (HA)
))
(/usr/local/texlive/2016/texmf-dist/tex/generic/ifxetex/ifxetex.sty
Package: ifxetex 2010/09/12 v0.6 Provides ifxetex conditional
)
(/usr/local/texlive/2016/texmf-dist/tex/latex/tools/multicol.sty
Package: multicol 2016/04/07 v1.8p multicolumn formatting (FMi)
\c@tracingmulticols=\count350
\mult@box=\box54
\multicol@leftmargin=\dimen172
\c@unbalance=\count351
\c@collectmore=\count352
\doublecol@number=\count353
\multicoltolerance=\count354
\multicolpretolerance=\count355
\full@width=\dimen173
\page@free=\dimen174
\premulticols=\dimen175
\postmulticols=\dimen176
\multicolsep=\skip144
\multicolbaselineskip=\skip145
\partial@page=\box55
\last@line=\box56
\maxbalancingoverflow=\dimen177
\mult@rightbox=\box57
\mult@grightbox=\box58
\mult@gfirstbox=\box59
\mult@firstbox=\box60
\@tempa=\box61
\@tempa=\box62
\@tempa=\box63
\@tempa=\box64
\@tempa=\box65
\@tempa=\box66
\@tempa=\box67
\@tempa=\box68
\@tempa=\box69
\@tempa=\box70
\@tempa=\box71
\@tempa=\box72
\@tempa=\box73
\@tempa=\box74
\@tempa=\box75
\@tempa=\box76
\@tempa=\box77
\c@columnbadness=\count356
\c@finalcolumnbadness=\count357
\last@try=\dimen178
\multicolovershoot=\dimen179
\multicolundershoot=\dimen180
\mult@nat@firstbox=\box78
\colbreak@box=\box79
\mc@col@check@num=\count358
))
\FinalReport@idxfile=\write5
\openout5 = `FinalReport.idx'.


Writing index file FinalReport.idx
Package biblatex Info: Trying to load language 'english'...
Package biblatex Info: ... file 'english.lbx' found.
(/usr/local/texlive/2016/texmf-dist/tex/latex/biblatex/lbx/english.lbx
File: english.lbx 2016/05/14 v3.4 biblatex localization (PK/JW/AB)
)
Package csquotes Info: Checking for multilingual support...
Package csquotes Info: ... found 'babel' package.

(./FinalReport.aux

LaTeX Warning: Label `SurveyArticleLength' multiply defined.

)
\openout1 = `FinalReport.aux'.

LaTeX Font Info:    Checking defaults for OML/cmm/m/it on input line 135.
LaTeX Font Info:    ... okay on input line 135.
LaTeX Font Info:    Checking defaults for T1/cmr/m/n on input line 135.
LaTeX Font Info:    ... okay on input line 135.
LaTeX Font Info:    Checking defaults for OT1/cmr/m/n on input line 135.
LaTeX Font Info:    ... okay on input line 135.
LaTeX Font Info:    Checking defaults for OMS/cmsy/m/n on input line 135.
LaTeX Font Info:    ... okay on input line 135.
LaTeX Font Info:    Checking defaults for OMX/cmex/m/n on input line 135.
LaTeX Font Info:    ... okay on input line 135.
LaTeX Font Info:    Checking defaults for U/cmr/m/n on input line 135.
LaTeX Font Info:    ... okay on input line 135.
LaTeX Font Info:    Checking defaults for TS1/cmr/m/n on input line 135.
LaTeX Font Info:    Try loading font information for TS1+cmr on input line 135.

 (/usr/local/texlive/2016/texmf-dist/tex/latex/base/ts1cmr.fd
File: ts1cmr.fd 2014/09/29 v2.5h Standard LaTeX font definitions
)
LaTeX Font Info:    ... okay on input line 135.

(/usr/local/texlive/2016/texmf-dist/tex/context/base/mkii/supp-pdf.mkii
[Loading MPS to PDF converter (version 2006.09.02).]
\scratchcounter=\count359
\scratchdimen=\dimen181
\scratchbox=\box80
\nofMPsegments=\count360
\nofMParguments=\count361
\everyMPshowfont=\toks29
\MPscratchCnt=\count362
\MPscratchDim=\dimen182
\MPnumerator=\count363
\makeMPintoPDFobject=\count364
\everyMPtoPDFconversion=\toks30
) (/usr/local/texlive/2016/texmf-dist/tex/latex/oberdiek/epstopdf-base.sty
Package: epstopdf-base 2016/05/15 v2.6 Base part for package epstopdf

(/usr/local/texlive/2016/texmf-dist/tex/latex/oberdiek/grfext.sty
Package: grfext 2016/05/16 v1.2 Manage graphics extensions (HO)
)
Package grfext Info: Graphics extension search list:
(grfext)             [.png,.pdf,.jpg,.mps,.jpeg,.jbig2,.jb2,.PNG,.PDF,.JPG,.JPE
G,.JBIG2,.JB2,.eps]
(grfext)             \AppendGraphicsExtensions on input line 456.

(/usr/local/texlive/2016/texmf-dist/tex/latex/latexconfig/epstopdf-sys.cfg
File: epstopdf-sys.cfg 2010/07/13 v1.3 Configuration of (r)epstopdf for TeX Liv
e
))
\c@lstlisting=\count365
Package biblatex Info: Input encoding 'utf8' detected.
Package biblatex Info: Automatic encoding selection.
(biblatex)             Assuming data encoding 'utf8'.
\openout4 = `FinalReport.bcf'.

Package biblatex Info: Trying to load bibliographic data...
Package biblatex Info: ... file 'FinalReport.bbl' found.

(./FinalReport.bbl)
Package biblatex Info: Reference section=0 on input line 135.
Package biblatex Info: Reference segment=0 on input line 135.
\AtBeginShipoutBox=\box81
Package csquotes Info: Making character " active on input line 135.
Package caption Info: Begin \AtBeginDocument code.
Package caption Info: End \AtBeginDocument code.

(/usr/local/texlive/2016/texmf-dist/tex/latex/upquote/upquote.sty
Package: upquote 2012/04/19 v1.3 upright-quote and grave-accent glyphs in verba
tim
)
<images/Imperial_College_London_crest.png, id=1, 2007.5pt x 2140.99875pt>
File: images/Imperial_College_London_crest.png Graphic file (type png)

<use images/Imperial_College_London_crest.png>
Package pdftex.def Info: images/Imperial_College_London_crest.png used on input
 line 146.
(pdftex.def)             Requested size: 100.38087pt x 107.0562pt.
 [1

{/usr/local/texlive/2016/texmf-var/fonts/map/pdftex/updmap/pdftex.map} <./image
s/Imperial_College_London_crest.png>] [1] [2] (./FinalReport.toc [3

] [4] [5] [6] [7])
\tf@toc=\write6
\openout6 = `FinalReport.toc'.

 [8]
<images/DonaldTrumpPope.png, id=43, 613.29124pt x 367.3725pt>
File: images/DonaldTrumpPope.png Graphic file (type png)

<use images/DonaldTrumpPope.png>
Package pdftex.def Info: images/DonaldTrumpPope.png used on input line 216.
(pdftex.def)             Requested size: 427.43153pt x 256.03786pt.
 [9 <./images/DonaldTrumpPope.png>]
<images/TrustInNews.png, id=50, 783.4068pt x 224.037pt>
File: images/TrustInNews.png Graphic file (type png)

<use images/TrustInNews.png>
Package pdftex.def Info: images/TrustInNews.png used on input line 237.
(pdftex.def)             Requested size: 427.43153pt x 122.2396pt.


LaTeX Warning: `h' float specifier changed to `ht'.

[10] [11 <./images/TrustInNews.png>] [12]
<images/WhySocialAggregatedNews.png, id=62, 418.2024pt x 321.8424pt>
File: images/WhySocialAggregatedNews.png Graphic file (type png)

<use images/WhySocialAggregatedNews.png>
Package pdftex.def Info: images/WhySocialAggregatedNews.png used on input line 
276.
(pdftex.def)             Requested size: 250.92337pt x 193.10692pt.

<images/PersonalisedNewsConcerns.png, id=63, 402.7848pt x 297.7524pt>
File: images/PersonalisedNewsConcerns.png Graphic file (type png)

<use images/PersonalisedNewsConcerns.png>
Package pdftex.def Info: images/PersonalisedNewsConcerns.png used on input line
 287.
(pdftex.def)             Requested size: 241.67274pt x 178.6528pt.
 [13 <./images/WhySocialAggregatedNews.png>]
Underfull \hbox (badness 10000) in paragraph at lines 292--293

 []

<images/HowPeopleTrustNews.png, id=69, 438.9198pt x 193.6836pt>
File: images/HowPeopleTrustNews.png Graphic file (type png)

<use images/HowPeopleTrustNews.png>
Package pdftex.def Info: images/HowPeopleTrustNews.png used on input line 298.
(pdftex.def)             Requested size: 263.3539pt x 116.21104pt.

Underfull \hbox (badness 10000) in paragraph at lines 303--304

 []

[14 <./images/PersonalisedNewsConcerns.png> <./images/HowPeopleTrustNews.png>]
[15] <images/01HowOftenDoYouReadTheNews.png, id=78, 554.07pt x 228.855pt>
File: images/01HowOftenDoYouReadTheNews.png Graphic file (type png)

<use images/01HowOftenDoYouReadTheNews.png>
Package pdftex.def Info: images/01HowOftenDoYouReadTheNews.png used on input li
ne 332.
(pdftex.def)             Requested size: 387.84636pt x 160.1974pt.

Underfull \hbox (badness 10000) in paragraph at lines 337--338

 []

<images/02HowManySourcesDoYouRead.png, id=79, 494.8086pt x 327.1422pt>
File: images/02HowManySourcesDoYouRead.png Graphic file (type png)

<use images/02HowManySourcesDoYouRead.png>
Package pdftex.def Info: images/02HowManySourcesDoYouRead.png used on input lin
e 343.
(pdftex.def)             Requested size: 346.36365pt x 228.99797pt.

Underfull \hbox (badness 10000) in paragraph at lines 348--349

 []


<images/03AreTheseTheSameSourcesEverytime.png, id=80, 595.22375pt x 235.88126pt
>
File: images/03AreTheseTheSameSourcesEverytime.png Graphic file (type png)
 <use images/03AreTheseTheSameSourcesEverytime.png>
Package pdftex.def Info: images/03AreTheseTheSameSourcesEverytime.png used on i
nput line 354.
(pdftex.def)             Requested size: 416.6538pt x 165.11575pt.

Underfull \hbox (badness 10000) in paragraph at lines 359--360

 []

[16 <./images/01HowOftenDoYouReadTheNews.png>]
<images/05HowMuchOfAnArticleDoYouRead.png, id=85, 587.19376pt x 231.86626pt>
File: images/05HowMuchOfAnArticleDoYouRead.png Graphic file (type png)

<use images/05HowMuchOfAnArticleDoYouRead.png>
Package pdftex.def Info: images/05HowMuchOfAnArticleDoYouRead.png used on input
 line 365.
(pdftex.def)             Requested size: 411.03282pt x 162.30525pt.

Underfull \hbox (badness 10000) in paragraph at lines 370--371

 []

[17 <./images/02HowManySourcesDoYouRead.png> <./images/03AreTheseTheSameSources
Everytime.png>]
<images/06WouldYouReadAShorterSummary.png, id=91, 592.2125pt x 239.89626pt>
File: images/06WouldYouReadAShorterSummary.png Graphic file (type png)

<use images/06WouldYouReadAShorterSummary.png>
Package pdftex.def Info: images/06WouldYouReadAShorterSummary.png used on input
 line 376.
(pdftex.def)             Requested size: 414.54591pt x 167.92622pt.

Underfull \hbox (badness 10000) in paragraph at lines 381--382

 []

[18 <./images/05HowMuchOfAnArticleDoYouRead.png> <./images/06WouldYouReadAShort
erSummary.png>]
<images/07WouldYouReadASummaryOfArticlesCombined.png, id=98, 551.05875pt x 226.
8475pt>
File: images/07WouldYouReadASummaryOfArticlesCombined.png Graphic file (type pn
g)
 <use images/07WouldYouReadASummaryOfArticlesCombined.png>
Package pdftex.def Info: images/07WouldYouReadASummaryOfArticlesCombined.png us
ed on input line 387.
(pdftex.def)             Requested size: 385.73848pt x 158.79216pt.

Underfull \hbox (badness 10000) in paragraph at lines 392--393

 []


<images/08WouldYouUseANewsAggregatorThatSummarised.png, id=99, 551.05875pt x 23
1.86626pt>
File: images/08WouldYouUseANewsAggregatorThatSummarised.png Graphic file (type 
png)
 <use images/08WouldYouUseANewsAggregatorThatSummarised.png>
Package pdftex.def Info: images/08WouldYouUseANewsAggregatorThatSummarised.png 
used on input line 398.
(pdftex.def)             Requested size: 385.73848pt x 162.30525pt.

Underfull \hbox (badness 10000) in paragraph at lines 403--404

 []


<images/10HowOftenDoYouSearchForASpecificTopic.png, id=100, 564.1075pt x 239.89
626pt>
File: images/10HowOftenDoYouSearchForASpecificTopic.png Graphic file (type png)

 <use images/10HowOftenDoYouSearchForASpecificTopic.png>
Package pdftex.def Info: images/10HowOftenDoYouSearchForASpecificTopic.png used
 on input line 409.
(pdftex.def)             Requested size: 394.87254pt x 167.92622pt.

Underfull \hbox (badness 10000) in paragraph at lines 414--415

 []

[19 <./images/07WouldYouReadASummaryOfArticlesCombined.png>]
<images/11ShouldNewsAggregatorProvideSearchingForSpecificTopic.png, id=105, 506
.89375pt x 243.91125pt>
File: images/11ShouldNewsAggregatorProvideSearchingForSpecificTopic.png Graphic
 file (type png)

<use images/11ShouldNewsAggregatorProvideSearchingForSpecificTopic.png>
Package pdftex.def Info: images/11ShouldNewsAggregatorProvideSearchingForSpecif
icTopic.png used on input line 420.
(pdftex.def)             Requested size: 354.82321pt x 170.7367pt.

Underfull \hbox (badness 10000) in paragraph at lines 424--425

 []

[20 <./images/08WouldYouUseANewsAggregatorThatSummarised.png> <./images/10HowOf
tenDoYouSearchForASpecificTopic.png>]
<images/12DoYouLikeServicesThatProduceDigests.png, id=111, 522.95375pt x 233.87
375pt>
File: images/12DoYouLikeServicesThatProduceDigests.png Graphic file (type png)
 <use images/12DoYouLikeServicesThatProduceDigests.png>
Package pdftex.def Info: images/12DoYouLikeServicesThatProduceDigests.png used 
on input line 430.
(pdftex.def)             Requested size: 366.06512pt x 163.71048pt.

Underfull \hbox (badness 10000) in paragraph at lines 435--436

 []


<images/13HowOftenShouldTheseDigestsBeProduced.png, id=112, 563.10374pt x 233.8
7375pt>
File: images/13HowOftenShouldTheseDigestsBeProduced.png Graphic file (type png)

 <use images/13HowOftenShouldTheseDigestsBeProduced.png>
Package pdftex.def Info: images/13HowOftenShouldTheseDigestsBeProduced.png used
 on input line 441.
(pdftex.def)             Requested size: 394.16994pt x 163.71048pt.

Underfull \hbox (badness 10000) in paragraph at lines 445--446

 []

[21 <./images/11ShouldNewsAggregatorProvideSearchingForSpecificTopic.png> <./im
ages/12DoYouLikeServicesThatProduceDigests.png>]
<images/09WhatPlatform.png, id=118, 517.935pt x 310.761pt>
File: images/09WhatPlatform.png Graphic file (type png)

<use images/09WhatPlatform.png>
Package pdftex.def Info: images/09WhatPlatform.png used on input line 451.
(pdftex.def)             Requested size: 362.55202pt x 217.5312pt.

Underfull \hbox (badness 10000) in paragraph at lines 456--457

 []

[22 <./images/13HowOftenShouldTheseDigestsBeProduced.png> <./images/09WhatPlatf
orm.png>] <images/GoogleHome.png, id=124, 1426.32875pt x 739.76375pt>
File: images/GoogleHome.png Graphic file (type png)

<use images/GoogleHome.png>
Package pdftex.def Info: images/GoogleHome.png used on input line 467.
(pdftex.def)             Requested size: 341.94652pt x 177.34373pt.

<images/GoogleUber.png, id=125, 877.2775pt x 521.95pt>
File: images/GoogleUber.png Graphic file (type png)

<use images/GoogleUber.png>
Package pdftex.def Info: images/GoogleUber.png used on input line 473.
(pdftex.def)             Requested size: 427.43153pt x 254.30823pt.
 [23] [24 <./images/GoogleHome.png> <./images/GoogleUber.png>] <images/Flipboar
dHome.PNG, id=137, 752.8125pt x 1339.0025pt>
File: images/FlipboardHome.PNG Graphic file (type png)

<use images/FlipboardHome.PNG>
Package pdftex.def Info: images/FlipboardHome.PNG used on input line 487.
(pdftex.def)             Requested size: 128.23076pt x 228.0769pt.

<images/Flipboard.PNG, id=138, 752.8125pt x 1339.0025pt>
File: images/Flipboard.PNG Graphic file (type png)

<use images/Flipboard.PNG>
Package pdftex.def Info: images/Flipboard.PNG used on input line 493.
(pdftex.def)             Requested size: 128.23076pt x 228.0769pt.

<images/YNDHome.PNG, id=139, 752.8125pt x 1339.0025pt>
File: images/YNDHome.PNG Graphic file (type png)

<use images/YNDHome.PNG>
Package pdftex.def Info: images/YNDHome.PNG used on input line 507.
(pdftex.def)             Requested size: 128.23076pt x 228.0769pt.

<images/YNDInfo.PNG, id=140, 752.8125pt x 1339.0025pt>
File: images/YNDInfo.PNG Graphic file (type png)

<use images/YNDInfo.PNG>
Package pdftex.def Info: images/YNDInfo.PNG used on input line 513.
(pdftex.def)             Requested size: 128.23076pt x 228.0769pt.
 [25 <./images/FlipboardHome.PNG> <./images/Flipboard.PNG>] <images/AppleHome.P
NG, id=147, 752.8125pt x 1339.0025pt>
File: images/AppleHome.PNG Graphic file (type png)

<use images/AppleHome.PNG>
Package pdftex.def Info: images/AppleHome.PNG used on input line 527.
(pdftex.def)             Requested size: 128.23076pt x 228.0769pt.

<images/AppleSources.PNG, id=148, 752.8125pt x 1339.0025pt>
File: images/AppleSources.PNG Graphic file (type png)

<use images/AppleSources.PNG>
Package pdftex.def Info: images/AppleSources.PNG used on input line 533.
(pdftex.def)             Requested size: 128.23076pt x 228.0769pt.

Underfull \hbox (badness 6236) in paragraph at lines 551--551
[]\T1/cmr/m/n/12 Yahoo News
 []


Overfull \hbox (15.22943pt too wide) in paragraph at lines 547--554
[][] 
 []

[26 <./images/YNDHome.PNG> <./images/YNDInfo.PNG>] [27 <./images/AppleHome.PNG>
 <./images/AppleSources.PNG>] [28] [29] [30]
Underfull \hbox (badness 10000) in paragraph at lines 610--611

 []


Underfull \hbox (badness 10000) in paragraph at lines 637--638

 []

[31]
Underfull \hbox (badness 10000) in paragraph at lines 641--642

 []


Underfull \hbox (badness 10000) in paragraph at lines 645--646

 []


Underfull \hbox (badness 10000) in paragraph at lines 652--653

 []


Underfull \hbox (badness 10000) in paragraph at lines 657--658

 []

[32]
Underfull \hbox (badness 10000) in paragraph at lines 661--662

 []


Underfull \hbox (badness 10000) in paragraph at lines 666--667

 []


Underfull \hbox (badness 10000) in paragraph at lines 672--673

 []


Underfull \hbox (badness 10000) in paragraph at lines 678--679

 []

[33] [34]
Underfull \hbox (badness 10000) in paragraph at lines 717--718

 []


Underfull \hbox (badness 10000) in paragraph at lines 721--722

 []


Underfull \hbox (badness 10000) in paragraph at lines 724--725

 []

<images/DependencyTree.png, id=190, 518.93875pt x 347.2975pt>
File: images/DependencyTree.png Graphic file (type png)

<use images/DependencyTree.png>
Package pdftex.def Info: images/DependencyTree.png used on input line 732.
(pdftex.def)             Requested size: 207.57182pt x 138.91653pt.
 [35 <./images/DependencyTree.png>]
Underfull \hbox (badness 10000) in paragraph at lines 741--742

 []


Overfull \hbox (5.96822pt too wide) in paragraph at lines 745--746
[]\T1/cmr/m/n/12 In rule based sum-mari-sa-tion [20], the pro-cess is cen-tred 
around a list of pre-determined
 []


Underfull \hbox (badness 10000) in paragraph at lines 761--762

 []

[36]
Underfull \hbox (badness 10000) in paragraph at lines 767--768

 []


Underfull \hbox (badness 10000) in paragraph at lines 769--770

 []

<images/MultimodalSummarisation.png, id=199, 492.84125pt x 580.1675pt>
File: images/MultimodalSummarisation.png Graphic file (type png)

<use images/MultimodalSummarisation.png>
Package pdftex.def Info: images/MultimodalSummarisation.png used on input line 
777.
(pdftex.def)             Requested size: 147.8535pt x 174.05157pt.

Underfull \hbox (badness 10000) in paragraph at lines 784--785

 []

[37]
Underfull \hbox (badness 10000) in paragraph at lines 790--791

 []

<images/SemanticGraphSummarisation.png, id=203, 996.72375pt x 562.1pt>
File: images/SemanticGraphSummarisation.png Graphic file (type png)

<use images/SemanticGraphSummarisation.png>
Package pdftex.def Info: images/SemanticGraphSummarisation.png used on input li
ne 800.
(pdftex.def)             Requested size: 398.68243pt x 224.83601pt.
 [38 <./images/MultimodalSummarisation.png>] [39 <./images/SemanticGraphSummari
sation.png>] [40] [41]
<images/FrontEndArchitecture.png, id=218, 1039.885pt x 764.8575pt>
File: images/FrontEndArchitecture.png Graphic file (type png)

<use images/FrontEndArchitecture.png>
Package pdftex.def Info: images/FrontEndArchitecture.png used on input line 861
.
(pdftex.def)             Requested size: 415.94662pt x 305.93758pt.
 [42]
<images/HomePage.png, id=223, 1155.31625pt x 794.97pt>
File: images/HomePage.png Graphic file (type png)

<use images/HomePage.png>
Package pdftex.def Info: images/HomePage.png used on input line 890.
(pdftex.def)             Requested size: 346.59755pt x 238.49284pt.
 [43 <./images/FrontEndArchitecture.png>]
<images/TopicDashboard.png, id=228, 1166.3575pt x 791.95876pt>
File: images/TopicDashboard.png Graphic file (type png)

<use images/TopicDashboard.png>
Package pdftex.def Info: images/TopicDashboard.png used on input line 905.
(pdftex.def)             Requested size: 349.90994pt x 237.58946pt.
 [44 <./images/HomePage.png>]
<images/ArticleViewer.png, id=233, 1162.3425pt x 792.9625pt>
File: images/ArticleViewer.png Graphic file (type png)

<use images/ArticleViewer.png>
Package pdftex.def Info: images/ArticleViewer.png used on input line 920.
(pdftex.def)             Requested size: 348.70544pt x 237.89058pt.
 [45 <./images/TopicDashboard.png>]
<images/BackEndArchitecture.png, id=238, 1105.12875pt x 764.8575pt>
File: images/BackEndArchitecture.png Graphic file (type png)

<use images/BackEndArchitecture.png>
Package pdftex.def Info: images/BackEndArchitecture.png used on input line 940.

(pdftex.def)             Requested size: 442.04367pt x 305.93758pt.

Overfull \hbox (14.61214pt too wide) in paragraph at lines 940--941
 [][] 
 []


Underfull \hbox (badness 10000) in paragraph at lines 955--956

 []

[46 <./images/ArticleViewer.png>]
Underfull \hbox (badness 10000) in paragraph at lines 959--960

 []

[47 <./images/BackEndArchitecture.png>]
Underfull \hbox (badness 10000) in paragraph at lines 980--981

 []

[48]
Underfull \hbox (badness 10000) in paragraph at lines 994--995

 []


Overfull \hbox (15.22943pt too wide) in paragraph at lines 997--1004
[][] 
 []

[49] [50] [51] [52] <images/DBSchema.png, id=264, 1075.01625pt x 679.53876pt>
File: images/DBSchema.png Graphic file (type png)

<use images/DBSchema.png>
Package pdftex.def Info: images/DBSchema.png used on input line 1059.
(pdftex.def)             Requested size: 427.43153pt x 270.18277pt.
LaTeX Font Info:    Try loading font information for T1+zi4 on input line 1068.


(/usr/local/texlive/2016/texmf-dist/tex/latex/inconsolata/t1zi4.fd
File: t1zi4.fd 2014/06/22 T1/zi4 (Inconsolata)
) [53 <./images/DBSchema.png>] [54] [55]
Underfull \hbox (badness 10000) in paragraph at lines 1135--1136
[]\T1/cmr/bx/n/12 [http://www.cnn.com/2017/06/01/politics/trump-paris-climate-
 []


Underfull \hbox (badness 10000) in paragraph at lines 1135--1136
\T1/cmr/bx/n/12 decision/index.html,http://www.reuters.com/article/us-usa-
 []


Underfull \hbox (badness 3930) in paragraph at lines 1135--1136
\T1/cmr/bx/n/12 climatechange-eu-idUSKBN18S5IT]\T1/cmr/m/n/12 , for a sum-mary 
us-ing ar-ti-cles
 []


Underfull \hbox (badness 10000) in paragraph at lines 1136--1137
[]\T1/cmr/bx/n/12 [http://www.cnn.com/2017/06/01/politics/trump-paris-climate-
 []


Underfull \hbox (badness 10000) in paragraph at lines 1137--1138
[]\T1/cmr/bx/n/12 [http://www.reuters.com/article/us-usa-climatechange-eu-
 []


Underfull \hbox (badness 10000) in paragraph at lines 1137--1138

 []

[56]
LaTeX Font Info:    Try loading font information for TS1+zi4 on input line 1167
.
 (/usr/local/texlive/2016/texmf-dist/tex/latex/inconsolata/ts1zi4.fd
File: ts1zi4.fd 2014/06/22 Fontinst v1.933 font definitions for TS1/zi4.
)
[57] [58] [59]
Underfull \hbox (badness 10000) in paragraph at lines 1236--1237

 []

[60] [61]
Underfull \hbox (badness 10000) in paragraph at lines 1306--1307

 []

[62]
Underfull \hbox (badness 10000) in paragraph at lines 1320--1321

 []


Underfull \hbox (badness 10000) in paragraph at lines 1322--1323

 []


Underfull \hbox (badness 10000) in paragraph at lines 1330--1331

 []

[63]
Underfull \hbox (badness 10000) in paragraph at lines 1343--1344

 []


Underfull \hbox (badness 10000) in paragraph at lines 1375--1376

 []

[64]
Underfull \hbox (badness 10000) in paragraph at lines 1379--1380

 []

(/usr/local/texlive/2016/texmf-dist/tex/latex/listings/lstlang1.sty
File: lstlang1.sty 2015/06/04 1.6 listings language file
) [65]
Underfull \hbox (badness 10000) in paragraph at lines 1428--1429

 []

[66]
Underfull \hbox (badness 10000) in paragraph at lines 1462--1463

 []

[67] [68]
Underfull \hbox (badness 10000) in paragraph at lines 1500--1501

 []


Underfull \hbox (badness 10000) in paragraph at lines 1502--1503

 []


Underfull \hbox (badness 10000) in paragraph at lines 1514--1515

 []


Underfull \hbox (badness 10000) in paragraph at lines 1516--1517

 []

[69]
Underfull \hbox (badness 10000) in paragraph at lines 1536--1537

 []

[70]
Underfull \hbox (badness 10000) in paragraph at lines 1553--1554

 []


Underfull \hbox (badness 10000) in paragraph at lines 1557--1558

 []

[71] [72]
Underfull \hbox (badness 10000) in paragraph at lines 1605--1606

 []


Underfull \hbox (badness 10000) in paragraph at lines 1620--1621

 []

[73]
Underfull \hbox (badness 10000) in paragraph at lines 1628--1629

 []

[74] [75]
Underfull \hbox (badness 10000) in paragraph at lines 1693--1694

 []

[76] <images/SummaryEvaluationResource.png, id=345, 1445.4pt x 805.0075pt>
File: images/SummaryEvaluationResource.png Graphic file (type png)

<use images/SummaryEvaluationResource.png>
Package pdftex.def Info: images/SummaryEvaluationResource.png used on input lin
e 1722.
(pdftex.def)             Requested size: 433.62335pt x 241.50412pt.

Overfull \hbox (6.19182pt too wide) in paragraph at lines 1722--1723
 [][] 
 []


Underfull \hbox (badness 10000) in paragraph at lines 1731--1732

 []

[77 <./images/SummaryEvaluationResource.png>]
Underfull \hbox (badness 10000) in paragraph at lines 1735--1736

 []


Underfull \hbox (badness 10000) in paragraph at lines 1745--1747

 []

[78]
Underfull \hbox (badness 10000) in paragraph at lines 1753--1754

 []


Underfull \hbox (badness 10000) in paragraph at lines 1756--1757

 []


Underfull \hbox (badness 10000) in paragraph at lines 1765--1766

 []

[79] <images/TaskService.png, id=357, 1092.08pt x 663.47874pt>
File: images/TaskService.png Graphic file (type png)

<use images/TaskService.png>
Package pdftex.def Info: images/TaskService.png used on input line 1785.
(pdftex.def)             Requested size: 427.43153pt x 259.67693pt.
 [80 <./images/TaskService.png>] [81] [82]
Underfull \hbox (badness 10000) in paragraph at lines 1846--1847

 []

<images/DesktopScreenshot.png, id=368, 1445.4pt x 804.00375pt>
File: images/DesktopScreenshot.png Graphic file (type png)

<use images/DesktopScreenshot.png>
Package pdftex.def Info: images/DesktopScreenshot.png used on input line 1854.
(pdftex.def)             Requested size: 256.46152pt x 142.65338pt.

<images/iPhoneScreenshot.PNG, id=369, 752.8125pt x 1339.0025pt>
File: images/iPhoneScreenshot.PNG Graphic file (type png)

<use images/iPhoneScreenshot.PNG>
Package pdftex.def Info: images/iPhoneScreenshot.PNG used on input line 1859.
(pdftex.def)             Requested size: 128.23076pt x 228.0769pt.

<images/iPadScreenshot.PNG, id=370, 2055.68pt x 1541.76pt>
File: images/iPadScreenshot.PNG Graphic file (type png)

<use images/iPadScreenshot.PNG>
Package pdftex.def Info: images/iPadScreenshot.PNG used on input line 1864.
(pdftex.def)             Requested size: 256.46152pt x 192.34312pt.
 [83] [84 <./images/DesktopScreenshot.png> <./images/iPhoneScreenshot.PNG> <./i
mages/iPadScreenshot.PNG>]
Underfull \hbox (badness 10000) in paragraph at lines 1893--1894

 []

[85

]
Underfull \hbox (badness 10000) in paragraph at lines 1925--1926

 []

[86]
Underfull \hbox (badness 10000) in paragraph at lines 1933--1934

 []

<images/label1score.png, id=386, 667.293pt x 401.3394pt>
File: images/label1score.png Graphic file (type png)

<use images/label1score.png>
Package pdftex.def Info: images/label1score.png used on input line 1943.
(pdftex.def)             Requested size: 400.37889pt x 240.80548pt.

Underfull \hbox (badness 10000) in paragraph at lines 1975--1976

 []

[87] [88 <./images/label1score.png>]
Underfull \hbox (badness 10000) in paragraph at lines 1983--1984

 []

<images/label2score.png, id=394, 667.293pt x 401.3394pt>
File: images/label2score.png Graphic file (type png)

<use images/label2score.png>
Package pdftex.def Info: images/label2score.png used on input line 1993.
(pdftex.def)             Requested size: 400.37889pt x 240.80548pt.
 [89]
Underfull \hbox (badness 10000) in paragraph at lines 2004--2005

 []

[90 <./images/label2score.png>]
Underfull \hbox (badness 10000) in paragraph at lines 2012--2013

 []

<images/label3score.png, id=403, 667.293pt x 401.3394pt>
File: images/label3score.png Graphic file (type png)

<use images/label3score.png>
Package pdftex.def Info: images/label3score.png used on input line 2022.
(pdftex.def)             Requested size: 400.37889pt x 240.80548pt.
 [91]
Underfull \hbox (badness 10000) in paragraph at lines 2037--2038

 []


Underfull \hbox (badness 10000) in paragraph at lines 2047--2048

 []

[92 <./images/label3score.png>]
Underfull \hbox (badness 10000) in paragraph at lines 2053--2054

 []

<images/cluster1score.png, id=411, 667.293pt x 401.3394pt>
File: images/cluster1score.png Graphic file (type png)

<use images/cluster1score.png>
Package pdftex.def Info: images/cluster1score.png used on input line 2057.
(pdftex.def)             Requested size: 400.37889pt x 240.80548pt.

Underfull \hbox (badness 10000) in paragraph at lines 2080--2081

 []

[93 <./images/cluster1score.png>]
Underfull \hbox (badness 10000) in paragraph at lines 2086--2087

 []

<images/cluster2score.png, id=416, 667.293pt x 401.3394pt>
File: images/cluster2score.png Graphic file (type png)

<use images/cluster2score.png>
Package pdftex.def Info: images/cluster2score.png used on input line 2090.
(pdftex.def)             Requested size: 400.37889pt x 240.80548pt.

Underfull \hbox (badness 10000) in paragraph at lines 2109--2110

 []

[94 <./images/cluster2score.png>]
Package mdframed Info: Not enough space on this page on input line 2111.

Underfull \hbox (badness 10000) in paragraph at lines 2115--2116

 []

<images/cluster3score.png, id=421, 667.293pt x 401.3394pt>
File: images/cluster3score.png Graphic file (type png)

<use images/cluster3score.png>
Package pdftex.def Info: images/cluster3score.png used on input line 2119.
(pdftex.def)             Requested size: 400.37889pt x 240.80548pt.

Underfull \hbox (badness 10000) in paragraph at lines 2138--2139

 []


Underfull \hbox (badness 10000) in paragraph at lines 2144--2145

 []

<images/cluster4score.png, id=422, 667.293pt x 401.3394pt>
File: images/cluster4score.png Graphic file (type png)

<use images/cluster4score.png>
Package pdftex.def Info: images/cluster4score.png used on input line 2148.
(pdftex.def)             Requested size: 400.37889pt x 240.80548pt.
 [95]
Underfull \hbox (badness 10000) in paragraph at lines 2163--2164

 []

[96 <./images/cluster3score.png>]
Underfull \hbox (badness 10000) in paragraph at lines 2179--2180

 []


Underfull \hbox (badness 10000) in paragraph at lines 2209--2210

 []

[97 <./images/cluster4score.png>] [98]
Underfull \hbox (badness 10000) in paragraph at lines 2215--2216

 []

<images/summ1score.png, id=438, 667.293pt x 401.3394pt>
File: images/summ1score.png Graphic file (type png)

<use images/summ1score.png>
Package pdftex.def Info: images/summ1score.png used on input line 2219.
(pdftex.def)             Requested size: 400.37889pt x 240.80548pt.

Underfull \hbox (badness 10000) in paragraph at lines 2234--2235

 []


Underfull \hbox (badness 10000) in paragraph at lines 2262--2263

 []

[99 <./images/summ1score.png>] [100]
Underfull \hbox (badness 10000) in paragraph at lines 2268--2269

 []

<images/summ2score.png, id=447, 667.293pt x 401.3394pt>
File: images/summ2score.png Graphic file (type png)

<use images/summ2score.png>
Package pdftex.def Info: images/summ2score.png used on input line 2272.
(pdftex.def)             Requested size: 400.37889pt x 240.80548pt.

Underfull \hbox (badness 10000) in paragraph at lines 2287--2288

 []


Overfull \hbox (5.3582pt too wide) in paragraph at lines 2295--2296
[]\T1/cmr/m/n/12 The Duchess of Cam-bridge's younger sis-ter is to tie the knot
 with James Matthews
 []


Underfull \hbox (badness 10000) in paragraph at lines 2315--2316

 []

[101 <./images/summ2score.png>] [102]
Underfull \hbox (badness 10000) in paragraph at lines 2321--2322

 []

<images/summ3score.png, id=456, 667.293pt x 401.3394pt>
File: images/summ3score.png Graphic file (type png)

<use images/summ3score.png>
Package pdftex.def Info: images/summ3score.png used on input line 2325.
(pdftex.def)             Requested size: 400.37889pt x 240.80548pt.
 [103 <./images/summ3score.png>]
Underfull \hbox (badness 10000) in paragraph at lines 2344--2345

 []


Underfull \hbox (badness 10000) in paragraph at lines 2352--2353

 []

<images/ui1.png, id=461, 530.9436pt x 343.0416pt>
File: images/ui1.png Graphic file (type png)
 <use images/ui1.png>
Package pdftex.def Info: images/ui1.png used on input line 2356.
(pdftex.def)             Requested size: 318.5686pt x 205.82654pt.

<images/ui2.png, id=462, 604.659pt x 382.0674pt>
File: images/ui2.png Graphic file (type png)
 <use images/ui2.png>
Package pdftex.def Info: images/ui2.png used on input line 2363.
(pdftex.def)             Requested size: 362.79819pt x 229.2422pt.
 [104]
Underfull \hbox (badness 10000) in paragraph at lines 2372--2373

 []

[105 <./images/ui1.png> <./images/ui2.png>]
<images/ui3.png, id=471, 539.616pt x 368.0952pt>
File: images/ui3.png Graphic file (type png)
 <use images/ui3.png>
Package pdftex.def Info: images/ui3.png used on input line 2376.
(pdftex.def)             Requested size: 323.7721pt x 220.85881pt.

Underfull \hbox (badness 10000) in paragraph at lines 2387--2388

 []

<images/ui4.png, id=472, 524.6802pt x 338.2236pt>
File: images/ui4.png Graphic file (type png)
 <use images/ui4.png>
Package pdftex.def Info: images/ui4.png used on input line 2391.
(pdftex.def)             Requested size: 314.81055pt x 202.93573pt.

<images/ui5.png, id=473, 560.8152pt x 365.2044pt>
File: images/ui5.png Graphic file (type png)
 <use images/ui5.png>
Package pdftex.def Info: images/ui5.png used on input line 2398.
(pdftex.def)             Requested size: 336.49171pt x 219.12433pt.
 [106 <./images/ui3.png>] <images/ui6.png, id=478, 617.6676pt x 368.0952pt>
File: images/ui6.png Graphic file (type png)

<use images/ui6.png>
Package pdftex.def Info: images/ui6.png used on input line 2411.
(pdftex.def)             Requested size: 370.60342pt x 220.85881pt.
 <images/ui7.png, id=479, 516.4896pt x 336.2964pt>
File: images/ui7.png Graphic file (type png)

<use images/ui7.png>
Package pdftex.def Info: images/ui7.png used on input line 2418.
(pdftex.def)             Requested size: 309.89613pt x 201.77939pt.
 [107 <./images/ui4.png> <./images/ui5.png>] [108 <./images/ui6.png> <./images/
ui7.png>]
<images/matrix.png, id=491, 969.6225pt x 719.0865pt>
File: images/matrix.png Graphic file (type png)
 <use images/matrix.png>
Package pdftex.def Info: images/matrix.png used on input line 2447.
(pdftex.def)             Requested size: 589.82567pt x 437.44614pt.

[109] [110 <./images/matrix.png>]
<images/bbc-news.png, id=499, 2017.2966pt x 1300.3782pt>
File: images/bbc-news.png Graphic file (type png)

<use images/bbc-news.png>
Package pdftex.def Info: images/bbc-news.png used on input line 2472.
(pdftex.def)             Requested size: 302.58144pt x 195.04831pt.

<images/reuters.png, id=500, 2245.6698pt x 1327.359pt>
File: images/reuters.png Graphic file (type png)

<use images/reuters.png>
Package pdftex.def Info: images/reuters.png used on input line 2479.
(pdftex.def)             Requested size: 336.83594pt x 199.09526pt.

<images/yougovpoll.png, id=501, 1027.84pt x 761.84625pt>
File: images/yougovpoll.png Graphic file (type png)

<use images/yougovpoll.png>
Package pdftex.def Info: images/yougovpoll.png used on input line 2490.
(pdftex.def)             Requested size: 411.12872pt x 304.7331pt.
 [111]
Overfull \vbox (20.21773pt too high) has occurred while \output is active []


[112 <./images/bbc-news.png> <./images/reuters.png>]
<images/pewresearch.png, id=510, 559.08875pt x 503.8825pt>
File: images/pewresearch.png Graphic file (type png)

<use images/pewresearch.png>
Package pdftex.def Info: images/pewresearch.png used on input line 2517.
(pdftex.def)             Requested size: 335.45583pt x 302.33183pt.
 [113 <./images/yougovpoll.png (PNG copy)>]
<images/sentencestats.png, id=514, 1007.4438pt x 663.4386pt>
File: images/sentencestats.png Graphic file (type png)

<use images/sentencestats.png>
Package pdftex.def Info: images/sentencestats.png used on input line 2530.
(pdftex.def)             Requested size: 402.97038pt x 265.37074pt.
 [114 <./images/pewresearch.png>]
<images/articlelength.png, id=520, 717.4002pt x 403.2666pt>
File: images/articlelength.png Graphic file (type png)

<use images/articlelength.png>
Package pdftex.def Info: images/articlelength.png used on input line 2549.
(pdftex.def)             Requested size: 430.44344pt x 241.96182pt.

Overfull \hbox (3.0119pt too wide) in paragraph at lines 2549--2550
 [][] 
 []

[115 <./images/sentencestats.png>]
<images/quotes.png, id=525, 637.9032pt x 422.0568pt>
File: images/quotes.png Graphic file (type png)
 <use images/quotes.png>
Package pdftex.def Info: images/quotes.png used on input line 2564.
(pdftex.def)             Requested size: 382.74487pt x 253.23602pt.

[116 <./images/articlelength.png>] [117 <./images/quotes.png>] [118] [119]
[120] [121] [122] [123]
Underfull \hbox (badness 10000) in paragraph at lines 2700--2701

 []


Underfull \hbox (badness 10000) in paragraph at lines 2706--2707

 []


Underfull \hbox (badness 10000) in paragraph at lines 2712--2713

 []


Underfull \hbox (badness 10000) in paragraph at lines 2718--2719

 []

[124] <images/SearchPage.png, id=556, 1153.30875pt x 791.95876pt>
File: images/SearchPage.png Graphic file (type png)

<use images/SearchPage.png>
Package pdftex.def Info: images/SearchPage.png used on input line 2745.
(pdftex.def)             Requested size: 345.9953pt x 237.58946pt.

<images/TopicViewer.png, id=557, 1165.35374pt x 789.95125pt>
File: images/TopicViewer.png Graphic file (type png)

<use images/TopicViewer.png>
Package pdftex.def Info: images/TopicViewer.png used on input line 2760.
(pdftex.def)             Requested size: 349.60883pt x 236.9872pt.

Underfull \hbox (badness 10000) in paragraph at lines 2767--2768

 []

[125]

LaTeX Warning: Text page 126 contains only floats.

[126 <./images/SearchPage.png> <./images/TopicViewer.png>]
Underfull \hbox (badness 10000) in paragraph at lines 2776--2777

 []

<images/TopicSettings.png, id=567, 1167.36125pt x 797.98125pt>
File: images/TopicSettings.png Graphic file (type png)

<use images/TopicSettings.png>
Package pdftex.def Info: images/TopicSettings.png used on input line 2783.
(pdftex.def)             Requested size: 350.21107pt x 239.39621pt.
 [127 <./images/TopicSettings.png>] [128]
<images/NewSummFeedback.png, id=575, 549.7338pt x 694.2738pt>
File: images/NewSummFeedback.png Graphic file (type png)

<use images/NewSummFeedback.png>
Package pdftex.def Info: images/NewSummFeedback.png used on input line 2828.
(pdftex.def)             Requested size: 439.78763pt x 555.41978pt.

Overfull \hbox (12.3561pt too wide) in paragraph at lines 2828--2829
 [][] 
 []

[129] [130 <./images/NewSummFeedback.png>] [131] [132] [133]
<images/desktophome.PNG, id=593, 1445.4pt x 805.0075pt>
File: images/desktophome.PNG Graphic file (type png)

<use images/desktophome.PNG>
Package pdftex.def Info: images/desktophome.PNG used on input line 2967.
(pdftex.def)             Requested size: 427.43153pt x 238.05247pt.

<images/desktopsearch.PNG, id=594, 1445.4pt x 805.0075pt>
File: images/desktopsearch.PNG Graphic file (type png)

<use images/desktopsearch.PNG>
Package pdftex.def Info: images/desktopsearch.PNG used on input line 2979.
(pdftex.def)             Requested size: 256.46152pt x 142.83148pt.

<images/phonesearch.PNG, id=595, 752.8125pt x 1339.0025pt>
File: images/phonesearch.PNG Graphic file (type png)

<use images/phonesearch.PNG>
Package pdftex.def Info: images/phonesearch.PNG used on input line 2984.
(pdftex.def)             Requested size: 128.23076pt x 228.0769pt.
 [134 <./images/desktophome.PNG>]
<images/desktoptopic.PNG, id=600, 1445.4pt x 804.00375pt>
File: images/desktoptopic.PNG Graphic file (type png)

<use images/desktoptopic.PNG>
Package pdftex.def Info: images/desktoptopic.PNG used on input line 3002.
(pdftex.def)             Requested size: 256.46152pt x 142.65338pt.

<images/phonetopic.PNG, id=601, 752.8125pt x 1339.0025pt>
File: images/phonetopic.PNG Graphic file (type png)

<use images/phonetopic.PNG>
Package pdftex.def Info: images/phonetopic.PNG used on input line 3007.
(pdftex.def)             Requested size: 128.23076pt x 228.0769pt.
 [135 <./images/desktopsearch.PNG> <./images/phonesearch.PNG>] [136 <./images/d
esktoptopic.PNG> <./images/phonetopic.PNG>]
<images/padarticle.PNG, id=612, 2055.68pt x 1541.76pt>
File: images/padarticle.PNG Graphic file (type png)

<use images/padarticle.PNG>
Package pdftex.def Info: images/padarticle.PNG used on input line 3031.
(pdftex.def)             Requested size: 256.46152pt x 192.34312pt.

<images/desktoparticle.PNG, id=613, 1445.4pt x 804.00375pt>
File: images/desktoparticle.PNG Graphic file (type png)

<use images/desktoparticle.PNG>
Package pdftex.def Info: images/desktoparticle.PNG used on input line 3036.
(pdftex.def)             Requested size: 256.46152pt x 142.65338pt.
 [137 <./images/padarticle.PNG> <./images/desktoparticle.PNG>] <images/desktopd
ashboard.PNG, id=618, 1445.4pt x 804.00375pt>
File: images/desktopdashboard.PNG Graphic file (type png)

<use images/desktopdashboard.PNG>
Package pdftex.def Info: images/desktopdashboard.PNG used on input line 3053.
(pdftex.def)             Requested size: 427.43153pt x 237.75565pt.
 [138 <./images/desktopdashboard.PNG>]
<images/desktopsettings.PNG, id=624, 1445.4pt x 805.0075pt>
File: images/desktopsettings.PNG Graphic file (type png)

<use images/desktopsettings.PNG>
Package pdftex.def Info: images/desktopsettings.PNG used on input line 3078.
(pdftex.def)             Requested size: 427.43153pt x 238.05247pt.
 [139 <./images/desktopsettings.PNG>]
(./FinalReport.aux)

LaTeX Warning: There were multiply-defined labels.

Package logreq Info: Writing requests to 'FinalReport.run.xml'.
\openout1 = `FinalReport.run.xml'.

 ) 
Here is how much of TeX's memory you used:
 22829 strings out of 493014
 400745 string characters out of 6133350
 881893 words of memory out of 5000000
 25999 multiletter control sequences out of 15000+600000
 23332 words of font info for 50 fonts, out of 8000000 for 9000
 1141 hyphenation exceptions out of 8191
 46i,13n,97p,10421b,3247s stack positions out of 5000i,500n,10000p,200000b,80000s
{/usr/local/texlive/2016/texmf-dist/fonts/enc/dvips/inconsolata/i4-ts1.enc}{/
usr/local/texlive/2016/texmf-dist/fonts/enc/dvips/inconsolata/i4-t1-0.enc}{/usr
/local/texlive/2016/texmf-dist/fonts/enc/dvips/cm-super/cm-super-t1.enc}{/usr/l
ocal/texlive/2016/texmf-dist/fonts/enc/dvips/cm-super/cm-super-ts1.enc}</usr/lo
cal/texlive/2016/texmf-dist/fonts/type1/public/inconsolata/Inconsolata-zi4r.pfb
></usr/local/texlive/2016/texmf-dist/fonts/type1/public/amsfonts/cm/cmex10.pfb>
</usr/local/texlive/2016/texmf-dist/fonts/type1/public/amsfonts/cm/cmmi12.pfb><
/usr/local/texlive/2016/texmf-dist/fonts/type1/public/amsfonts/cm/cmmi8.pfb></u
sr/local/texlive/2016/texmf-dist/fonts/type1/public/amsfonts/cm/cmr12.pfb></usr
/local/texlive/2016/texmf-dist/fonts/type1/public/amsfonts/cm/cmr8.pfb></usr/lo
cal/texlive/2016/texmf-dist/fonts/type1/public/amsfonts/cm/cmsy10.pfb></usr/loc
al/texlive/2016/texmf-dist/fonts/type1/public/amsfonts/cm/cmsy6.pfb></usr/local
/texlive/2016/texmf-dist/fonts/type1/public/amsfonts/cm/cmsy8.pfb></usr/local/t
exlive/2016/texmf-dist/fonts/type1/public/cm-super/sfbi1095.pfb></usr/local/tex
live/2016/texmf-dist/fonts/type1/public/cm-super/sfbi1200.pfb></usr/local/texli
ve/2016/texmf-dist/fonts/type1/public/cm-super/sfbx1200.pfb></usr/local/texlive
/2016/texmf-dist/fonts/type1/public/cm-super/sfbx1440.pfb></usr/local/texlive/2
016/texmf-dist/fonts/type1/public/cm-super/sfbx1728.pfb></usr/local/texlive/201
6/texmf-dist/fonts/type1/public/cm-super/sfbx2488.pfb></usr/local/texlive/2016/
texmf-dist/fonts/type1/public/cm-super/sfcc1440.pfb></usr/local/texlive/2016/te
xmf-dist/fonts/type1/public/cm-super/sfcc2074.pfb></usr/local/texlive/2016/texm
f-dist/fonts/type1/public/cm-super/sfrm0800.pfb></usr/local/texlive/2016/texmf-
dist/fonts/type1/public/cm-super/sfrm1095.pfb></usr/local/texlive/2016/texmf-di
st/fonts/type1/public/cm-super/sfrm1200.pfb></usr/local/texlive/2016/texmf-dist
/fonts/type1/public/cm-super/sfrm1440.pfb></usr/local/texlive/2016/texmf-dist/f
onts/type1/public/cm-super/sfti1095.pfb></usr/local/texlive/2016/texmf-dist/fon
ts/type1/public/cm-super/sfti1200.pfb></usr/local/texlive/2016/texmf-dist/fonts
/type1/public/cm-super/sfti1440.pfb></usr/local/texlive/2016/texmf-dist/fonts/t
ype1/public/cm-super/sfxc1440.pfb>
Output written on FinalReport.pdf (140 pages, 35676683 bytes).
PDF statistics:
 718 PDF objects out of 1000 (max. 8388607)
 394 compressed objects within 4 object streams
 0 named destinations out of 1000 (max. 500000)
 391 words of extra memory for PDF output out of 10000 (max. 10000000)

